[2026-02-28T05:19:25.106+0300] {local_task_job_runner.py:120} INFO - ::group::Pre task execution logs
[2026-02-28T05:19:25.132+0300] {taskinstance.py:2076} INFO - Dependencies all met for dep_context=non-requeueable deps ti=<TaskInstance: mp_ingest_coin_markets.ingest_coin_markets manual__2026-02-28T02:18:23+00:00 [queued]>
[2026-02-28T05:19:25.139+0300] {taskinstance.py:2076} INFO - Dependencies all met for dep_context=requeueable deps ti=<TaskInstance: mp_ingest_coin_markets.ingest_coin_markets manual__2026-02-28T02:18:23+00:00 [queued]>
[2026-02-28T05:19:25.141+0300] {taskinstance.py:2306} INFO - Starting attempt 2 of 2
[2026-02-28T05:19:25.152+0300] {taskinstance.py:2330} INFO - Executing <Task(PythonOperator): ingest_coin_markets> on 2026-02-28 02:18:23+00:00
[2026-02-28T05:19:25.161+0300] {logging_mixin.py:188} WARNING - /home/airflow/.local/lib/python3.12/site-packages/airflow/task/task_runner/standard_task_runner.py:62 DeprecationWarning: This process (pid=217) is multi-threaded, use of fork() may lead to deadlocks in the child.
[2026-02-28T05:19:25.159+0300] {standard_task_runner.py:90} INFO - Running: ['airflow', 'tasks', 'run', 'mp_ingest_coin_markets', 'ingest_coin_markets', 'manual__2026-02-28T02:18:23+00:00', '--job-id', '10', '--raw', '--subdir', 'DAGS_FOLDER/mp_ingest_dag.py', '--cfg-path', '/tmp/tmp6b54nuqs']
[2026-02-28T05:19:25.163+0300] {standard_task_runner.py:64} INFO - Started process 218 to run task
[2026-02-28T05:19:25.165+0300] {standard_task_runner.py:91} INFO - Job 10: Subtask ingest_coin_markets
[2026-02-28T05:19:25.209+0300] {task_command.py:426} INFO - Running <TaskInstance: mp_ingest_coin_markets.ingest_coin_markets manual__2026-02-28T02:18:23+00:00 [running]> on host 22ccea16ac8f
[2026-02-28T05:19:25.268+0300] {taskinstance.py:2648} INFO - Exporting env vars: AIRFLOW_CTX_DAG_OWNER='marketpulse' AIRFLOW_CTX_DAG_ID='mp_ingest_coin_markets' AIRFLOW_CTX_TASK_ID='ingest_coin_markets' AIRFLOW_CTX_EXECUTION_DATE='2026-02-28T02:18:23+00:00' AIRFLOW_CTX_TRY_NUMBER='2' AIRFLOW_CTX_DAG_RUN_ID='manual__2026-02-28T02:18:23+00:00'
[2026-02-28T05:19:25.269+0300] {taskinstance.py:430} INFO - ::endgroup::
[2026-02-28T05:19:26.046+0300] {logging_mixin.py:188} INFO - Fetched 50 rows from API
[2026-02-28T05:19:26.051+0300] {taskinstance.py:441} INFO - ::group::Post task execution logs
[2026-02-28T05:19:26.052+0300] {taskinstance.py:2905} ERROR - Task failed with exception
Traceback (most recent call last):
  File "/home/airflow/.local/lib/python3.12/site-packages/airflow/models/taskinstance.py", line 465, in _execute_task
    result = _execute_callable(context=context, **execute_callable_kwargs)
             ^^^^^^^^^^^^^^^^^^^^^^^^^^^^^^^^^^^^^^^^^^^^^^^^^^^^^^^^^^^^^
  File "/home/airflow/.local/lib/python3.12/site-packages/airflow/models/taskinstance.py", line 432, in _execute_callable
    return execute_callable(context=context, **execute_callable_kwargs)
           ^^^^^^^^^^^^^^^^^^^^^^^^^^^^^^^^^^^^^^^^^^^^^^^^^^^^^^^^^^^^
  File "/home/airflow/.local/lib/python3.12/site-packages/airflow/models/baseoperator.py", line 401, in wrapper
    return func(self, *args, **kwargs)
           ^^^^^^^^^^^^^^^^^^^^^^^^^^^
  File "/home/airflow/.local/lib/python3.12/site-packages/airflow/operators/python.py", line 235, in execute
    return_value = self.execute_callable()
                   ^^^^^^^^^^^^^^^^^^^^^^^
  File "/home/airflow/.local/lib/python3.12/site-packages/airflow/operators/python.py", line 252, in execute_callable
    return self.python_callable(*self.op_args, **self.op_kwargs)
           ^^^^^^^^^^^^^^^^^^^^^^^^^^^^^^^^^^^^^^^^^^^^^^^^^^^^^
  File "/opt/airflow/dags/mp_ingest_dag.py", line 111, in ingest_coin_markets
    cur.execute(
psycopg2.errors.UndefinedColumn: column "last_updated" of relation "coin_markets" does not exist
LINE 5:                 market_cap_rank, last_updated,
                                         ^

[2026-02-28T05:19:26.067+0300] {taskinstance.py:1206} INFO - Marking task as FAILED. dag_id=mp_ingest_coin_markets, task_id=ingest_coin_markets, run_id=manual__2026-02-28T02:18:23+00:00, execution_date=20260228T021823, start_date=20260228T021925, end_date=20260228T021926
[2026-02-28T05:19:26.083+0300] {standard_task_runner.py:110} ERROR - Failed to execute job 10 for task ingest_coin_markets (column "last_updated" of relation "coin_markets" does not exist
LINE 5:                 market_cap_rank, last_updated,
                                         ^
; 218)
[2026-02-28T05:19:26.101+0300] {local_task_job_runner.py:243} INFO - Task exited with return code 1
[2026-02-28T05:19:26.117+0300] {taskinstance.py:3503} INFO - 0 downstream tasks scheduled from follow-on schedule check
[2026-02-28T05:19:26.120+0300] {local_task_job_runner.py:222} INFO - ::endgroup::
