[2026-02-28T05:34:42.095+0300] {local_task_job_runner.py:120} INFO - ::group::Pre task execution logs
[2026-02-28T05:34:42.121+0300] {taskinstance.py:2076} INFO - Dependencies all met for dep_context=non-requeueable deps ti=<TaskInstance: mp_ingest_coin_markets.dbt_run manual__2026-02-28T02:33:32+00:00 [queued]>
[2026-02-28T05:34:42.128+0300] {taskinstance.py:2076} INFO - Dependencies all met for dep_context=requeueable deps ti=<TaskInstance: mp_ingest_coin_markets.dbt_run manual__2026-02-28T02:33:32+00:00 [queued]>
[2026-02-28T05:34:42.131+0300] {taskinstance.py:2306} INFO - Starting attempt 2 of 2
[2026-02-28T05:34:42.142+0300] {taskinstance.py:2330} INFO - Executing <Task(BashOperator): dbt_run> on 2026-02-28 02:33:32+00:00
[2026-02-28T05:34:42.148+0300] {standard_task_runner.py:90} INFO - Running: ['airflow', 'tasks', 'run', 'mp_ingest_coin_markets', 'dbt_run', 'manual__2026-02-28T02:33:32+00:00', '--job-id', '24', '--raw', '--subdir', 'DAGS_FOLDER/mp_ingest_dag.py', '--cfg-path', '/tmp/tmp2scrin0v']
[2026-02-28T05:34:42.150+0300] {logging_mixin.py:188} WARNING - /home/airflow/.local/lib/python3.12/site-packages/airflow/task/task_runner/standard_task_runner.py:62 DeprecationWarning: This process (pid=243) is multi-threaded, use of fork() may lead to deadlocks in the child.
[2026-02-28T05:34:42.152+0300] {standard_task_runner.py:91} INFO - Job 24: Subtask dbt_run
[2026-02-28T05:34:42.154+0300] {standard_task_runner.py:64} INFO - Started process 244 to run task
[2026-02-28T05:34:42.211+0300] {task_command.py:426} INFO - Running <TaskInstance: mp_ingest_coin_markets.dbt_run manual__2026-02-28T02:33:32+00:00 [running]> on host 4df7cef04ee4
[2026-02-28T05:34:42.273+0300] {taskinstance.py:2648} INFO - Exporting env vars: AIRFLOW_CTX_DAG_OWNER='marketpulse' AIRFLOW_CTX_DAG_ID='mp_ingest_coin_markets' AIRFLOW_CTX_TASK_ID='dbt_run' AIRFLOW_CTX_EXECUTION_DATE='2026-02-28T02:33:32+00:00' AIRFLOW_CTX_TRY_NUMBER='2' AIRFLOW_CTX_DAG_RUN_ID='manual__2026-02-28T02:33:32+00:00'
[2026-02-28T05:34:42.274+0300] {taskinstance.py:430} INFO - ::endgroup::
[2026-02-28T05:34:42.285+0300] {subprocess.py:63} INFO - Tmp dir root location: /tmp
[2026-02-28T05:34:42.287+0300] {subprocess.py:75} INFO - Running command: ['/usr/bin/bash', '-c', 'docker exec mp_dbt dbt run --target dev']
[2026-02-28T05:34:42.296+0300] {subprocess.py:86} INFO - Output:
[2026-02-28T05:34:43.404+0300] {subprocess.py:93} INFO - [0m02:34:43  Running with dbt=1.9.1
[2026-02-28T05:34:43.597+0300] {subprocess.py:93} INFO - [0m02:34:43  Registered adapter: postgres=1.9.1
[2026-02-28T05:34:51.458+0300] {subprocess.py:93} INFO - [0m02:34:51  Found 3 models, 12 data tests, 1 source, 550 macros
[2026-02-28T05:34:51.464+0300] {subprocess.py:93} INFO - [0m02:34:51
[2026-02-28T05:34:51.466+0300] {subprocess.py:93} INFO - [0m02:34:51  Concurrency: 4 threads (target='dev')
[2026-02-28T05:34:51.468+0300] {subprocess.py:93} INFO - [0m02:34:51
[2026-02-28T05:34:51.772+0300] {subprocess.py:93} INFO - [0m02:34:51  1 of 3 START sql view model analytics_staging_staging.stg_coin_markets ......... [RUN]
[2026-02-28T05:34:52.064+0300] {subprocess.py:93} INFO - [0m02:34:52  1 of 3 ERROR creating sql view model analytics_staging_staging.stg_coin_markets  [[31mERROR[0m in 0.28s]
[2026-02-28T05:34:52.089+0300] {subprocess.py:93} INFO - [0m02:34:52  2 of 3 SKIP relation analytics_staging_marts.dim_coin .......................... [[33mSKIP[0m]
[2026-02-28T05:34:52.093+0300] {subprocess.py:93} INFO - [0m02:34:52  3 of 3 SKIP relation analytics_staging_marts.fact_coin_snapshot ................ [[33mSKIP[0m]
[2026-02-28T05:34:52.197+0300] {subprocess.py:93} INFO - [0m02:34:52
[2026-02-28T05:34:52.206+0300] {subprocess.py:93} INFO - [0m02:34:52  Finished running 1 incremental model, 2 view models in 0 hours 0 minutes and 0.72 seconds (0.72s).
[2026-02-28T05:34:52.540+0300] {subprocess.py:93} INFO - [0m02:34:52
[2026-02-28T05:34:52.546+0300] {subprocess.py:93} INFO - [0m02:34:52  [31mCompleted with 1 error, 0 partial successes, and 0 warnings:[0m
[2026-02-28T05:34:52.551+0300] {subprocess.py:93} INFO - [0m02:34:52
[2026-02-28T05:34:52.553+0300] {subprocess.py:93} INFO - [0m02:34:52    Database Error in model stg_coin_markets (models/staging/stg_coin_markets.sql)
[2026-02-28T05:34:52.557+0300] {subprocess.py:93} INFO -   column "as_of_ts" does not exist
[2026-02-28T05:34:52.560+0300] {subprocess.py:93} INFO -   LINE 4:     as_of_ts,
[2026-02-28T05:34:52.562+0300] {subprocess.py:93} INFO -               ^
[2026-02-28T05:34:52.563+0300] {subprocess.py:93} INFO -   compiled code at target/run/marketpulse/models/staging/stg_coin_markets.sql
[2026-02-28T05:34:52.566+0300] {subprocess.py:93} INFO - [0m02:34:52
[2026-02-28T05:34:52.568+0300] {subprocess.py:93} INFO - [0m02:34:52  Done. PASS=0 WARN=0 ERROR=1 SKIP=2 TOTAL=3
[2026-02-28T05:34:53.921+0300] {subprocess.py:97} INFO - Command exited with return code 1
[2026-02-28T05:34:53.924+0300] {taskinstance.py:441} INFO - ::group::Post task execution logs
[2026-02-28T05:34:53.935+0300] {taskinstance.py:2905} ERROR - Task failed with exception
Traceback (most recent call last):
  File "/home/airflow/.local/lib/python3.12/site-packages/airflow/models/taskinstance.py", line 465, in _execute_task
    result = _execute_callable(context=context, **execute_callable_kwargs)
             ^^^^^^^^^^^^^^^^^^^^^^^^^^^^^^^^^^^^^^^^^^^^^^^^^^^^^^^^^^^^^
  File "/home/airflow/.local/lib/python3.12/site-packages/airflow/models/taskinstance.py", line 432, in _execute_callable
    return execute_callable(context=context, **execute_callable_kwargs)
           ^^^^^^^^^^^^^^^^^^^^^^^^^^^^^^^^^^^^^^^^^^^^^^^^^^^^^^^^^^^^
  File "/home/airflow/.local/lib/python3.12/site-packages/airflow/models/baseoperator.py", line 401, in wrapper
    return func(self, *args, **kwargs)
           ^^^^^^^^^^^^^^^^^^^^^^^^^^^
  File "/home/airflow/.local/lib/python3.12/site-packages/airflow/operators/bash.py", line 243, in execute
    raise AirflowException(
airflow.exceptions.AirflowException: Bash command failed. The command returned a non-zero exit code 1.
[2026-02-28T05:34:53.938+0300] {taskinstance.py:1206} INFO - Marking task as FAILED. dag_id=mp_ingest_coin_markets, task_id=dbt_run, run_id=manual__2026-02-28T02:33:32+00:00, execution_date=20260228T023332, start_date=20260228T023442, end_date=20260228T023453
[2026-02-28T05:34:53.955+0300] {standard_task_runner.py:110} ERROR - Failed to execute job 24 for task dbt_run (Bash command failed. The command returned a non-zero exit code 1.; 244)
[2026-02-28T05:34:54.001+0300] {local_task_job_runner.py:243} INFO - Task exited with return code 1
[2026-02-28T05:34:54.028+0300] {taskinstance.py:3503} INFO - 0 downstream tasks scheduled from follow-on schedule check
[2026-02-28T05:34:54.034+0300] {local_task_job_runner.py:222} INFO - ::endgroup::
