[2026-02-28T05:33:34.971+0300] {local_task_job_runner.py:120} INFO - ::group::Pre task execution logs
[2026-02-28T05:33:34.997+0300] {taskinstance.py:2076} INFO - Dependencies all met for dep_context=non-requeueable deps ti=<TaskInstance: mp_ingest_coin_markets.dbt_run manual__2026-02-28T02:33:32+00:00 [queued]>
[2026-02-28T05:33:35.013+0300] {taskinstance.py:2076} INFO - Dependencies all met for dep_context=requeueable deps ti=<TaskInstance: mp_ingest_coin_markets.dbt_run manual__2026-02-28T02:33:32+00:00 [queued]>
[2026-02-28T05:33:35.014+0300] {taskinstance.py:2306} INFO - Starting attempt 1 of 2
[2026-02-28T05:33:35.024+0300] {taskinstance.py:2330} INFO - Executing <Task(BashOperator): dbt_run> on 2026-02-28 02:33:32+00:00
[2026-02-28T05:33:35.029+0300] {standard_task_runner.py:90} INFO - Running: ['airflow', 'tasks', 'run', 'mp_ingest_coin_markets', 'dbt_run', 'manual__2026-02-28T02:33:32+00:00', '--job-id', '23', '--raw', '--subdir', 'DAGS_FOLDER/mp_ingest_dag.py', '--cfg-path', '/tmp/tmpfy0_8is9']
[2026-02-28T05:33:35.030+0300] {logging_mixin.py:188} WARNING - /home/airflow/.local/lib/python3.12/site-packages/airflow/task/task_runner/standard_task_runner.py:62 DeprecationWarning: This process (pid=205) is multi-threaded, use of fork() may lead to deadlocks in the child.
[2026-02-28T05:33:35.031+0300] {standard_task_runner.py:91} INFO - Job 23: Subtask dbt_run
[2026-02-28T05:33:35.031+0300] {standard_task_runner.py:64} INFO - Started process 206 to run task
[2026-02-28T05:33:35.067+0300] {task_command.py:426} INFO - Running <TaskInstance: mp_ingest_coin_markets.dbt_run manual__2026-02-28T02:33:32+00:00 [running]> on host 4df7cef04ee4
[2026-02-28T05:33:35.125+0300] {taskinstance.py:2648} INFO - Exporting env vars: AIRFLOW_CTX_DAG_OWNER='marketpulse' AIRFLOW_CTX_DAG_ID='mp_ingest_coin_markets' AIRFLOW_CTX_TASK_ID='dbt_run' AIRFLOW_CTX_EXECUTION_DATE='2026-02-28T02:33:32+00:00' AIRFLOW_CTX_TRY_NUMBER='1' AIRFLOW_CTX_DAG_RUN_ID='manual__2026-02-28T02:33:32+00:00'
[2026-02-28T05:33:35.126+0300] {taskinstance.py:430} INFO - ::endgroup::
[2026-02-28T05:33:35.133+0300] {subprocess.py:63} INFO - Tmp dir root location: /tmp
[2026-02-28T05:33:35.134+0300] {subprocess.py:75} INFO - Running command: ['/usr/bin/bash', '-c', 'docker exec mp_dbt dbt run --target dev']
[2026-02-28T05:33:35.140+0300] {subprocess.py:86} INFO - Output:
[2026-02-28T05:33:36.789+0300] {subprocess.py:93} INFO - [0m02:33:36  Running with dbt=1.9.1
[2026-02-28T05:33:36.992+0300] {subprocess.py:93} INFO - [0m02:33:36  Registered adapter: postgres=1.9.1
[2026-02-28T05:33:39.542+0300] {subprocess.py:93} INFO - [0m02:33:39  Found 3 models, 12 data tests, 1 source, 550 macros
[2026-02-28T05:33:39.547+0300] {subprocess.py:93} INFO - [0m02:33:39
[2026-02-28T05:33:39.548+0300] {subprocess.py:93} INFO - [0m02:33:39  Concurrency: 4 threads (target='dev')
[2026-02-28T05:33:39.550+0300] {subprocess.py:93} INFO - [0m02:33:39
[2026-02-28T05:33:39.738+0300] {subprocess.py:93} INFO - [0m02:33:39  1 of 3 START sql view model analytics_staging_staging.stg_coin_markets ......... [RUN]
[2026-02-28T05:33:39.842+0300] {subprocess.py:93} INFO - [0m02:33:39  1 of 3 ERROR creating sql view model analytics_staging_staging.stg_coin_markets  [[31mERROR[0m in 0.10s]
[2026-02-28T05:33:39.851+0300] {subprocess.py:93} INFO - [0m02:33:39  2 of 3 SKIP relation analytics_staging_marts.dim_coin .......................... [[33mSKIP[0m]
[2026-02-28T05:33:39.852+0300] {subprocess.py:93} INFO - [0m02:33:39  3 of 3 SKIP relation analytics_staging_marts.fact_coin_snapshot ................ [[33mSKIP[0m]
[2026-02-28T05:33:39.888+0300] {subprocess.py:93} INFO - [0m02:33:39
[2026-02-28T05:33:39.889+0300] {subprocess.py:93} INFO - [0m02:33:39  Finished running 1 incremental model, 2 view models in 0 hours 0 minutes and 0.34 seconds (0.34s).
[2026-02-28T05:33:40.006+0300] {subprocess.py:93} INFO - [0m02:33:40
[2026-02-28T05:33:40.007+0300] {subprocess.py:93} INFO - [0m02:33:40  [31mCompleted with 1 error, 0 partial successes, and 0 warnings:[0m
[2026-02-28T05:33:40.008+0300] {subprocess.py:93} INFO - [0m02:33:40
[2026-02-28T05:33:40.010+0300] {subprocess.py:93} INFO - [0m02:33:40    Database Error in model stg_coin_markets (models/staging/stg_coin_markets.sql)
[2026-02-28T05:33:40.010+0300] {subprocess.py:93} INFO -   column "as_of_ts" does not exist
[2026-02-28T05:33:40.011+0300] {subprocess.py:93} INFO -   LINE 4:     as_of_ts,
[2026-02-28T05:33:40.011+0300] {subprocess.py:93} INFO -               ^
[2026-02-28T05:33:40.012+0300] {subprocess.py:93} INFO -   compiled code at target/run/marketpulse/models/staging/stg_coin_markets.sql
[2026-02-28T05:33:40.013+0300] {subprocess.py:93} INFO - [0m02:33:40
[2026-02-28T05:33:40.013+0300] {subprocess.py:93} INFO - [0m02:33:40  Done. PASS=0 WARN=0 ERROR=1 SKIP=2 TOTAL=3
[2026-02-28T05:33:41.408+0300] {subprocess.py:97} INFO - Command exited with return code 1
[2026-02-28T05:33:41.409+0300] {taskinstance.py:441} INFO - ::group::Post task execution logs
[2026-02-28T05:33:41.419+0300] {taskinstance.py:2905} ERROR - Task failed with exception
Traceback (most recent call last):
  File "/home/airflow/.local/lib/python3.12/site-packages/airflow/models/taskinstance.py", line 465, in _execute_task
    result = _execute_callable(context=context, **execute_callable_kwargs)
             ^^^^^^^^^^^^^^^^^^^^^^^^^^^^^^^^^^^^^^^^^^^^^^^^^^^^^^^^^^^^^
  File "/home/airflow/.local/lib/python3.12/site-packages/airflow/models/taskinstance.py", line 432, in _execute_callable
    return execute_callable(context=context, **execute_callable_kwargs)
           ^^^^^^^^^^^^^^^^^^^^^^^^^^^^^^^^^^^^^^^^^^^^^^^^^^^^^^^^^^^^
  File "/home/airflow/.local/lib/python3.12/site-packages/airflow/models/baseoperator.py", line 401, in wrapper
    return func(self, *args, **kwargs)
           ^^^^^^^^^^^^^^^^^^^^^^^^^^^
  File "/home/airflow/.local/lib/python3.12/site-packages/airflow/operators/bash.py", line 243, in execute
    raise AirflowException(
airflow.exceptions.AirflowException: Bash command failed. The command returned a non-zero exit code 1.
[2026-02-28T05:33:41.422+0300] {taskinstance.py:1206} INFO - Marking task as UP_FOR_RETRY. dag_id=mp_ingest_coin_markets, task_id=dbt_run, run_id=manual__2026-02-28T02:33:32+00:00, execution_date=20260228T023332, start_date=20260228T023335, end_date=20260228T023341
[2026-02-28T05:33:41.432+0300] {standard_task_runner.py:110} ERROR - Failed to execute job 23 for task dbt_run (Bash command failed. The command returned a non-zero exit code 1.; 206)
[2026-02-28T05:33:41.478+0300] {local_task_job_runner.py:243} INFO - Task exited with return code 1
[2026-02-28T05:33:41.496+0300] {taskinstance.py:3503} INFO - 0 downstream tasks scheduled from follow-on schedule check
[2026-02-28T05:33:41.498+0300] {local_task_job_runner.py:222} INFO - ::endgroup::
