[2026-02-28T05:17:54.221+0300] {local_task_job_runner.py:120} INFO - ::group::Pre task execution logs
[2026-02-28T05:17:54.247+0300] {taskinstance.py:2076} INFO - Dependencies all met for dep_context=non-requeueable deps ti=<TaskInstance: mp_ingest_coin_markets.ingest_coin_markets scheduled__2026-02-27T00:00:00+00:00 [queued]>
[2026-02-28T05:17:54.252+0300] {taskinstance.py:2076} INFO - Dependencies all met for dep_context=requeueable deps ti=<TaskInstance: mp_ingest_coin_markets.ingest_coin_markets scheduled__2026-02-27T00:00:00+00:00 [queued]>
[2026-02-28T05:17:54.253+0300] {taskinstance.py:2306} INFO - Starting attempt 2 of 2
[2026-02-28T05:17:54.263+0300] {taskinstance.py:2330} INFO - Executing <Task(PythonOperator): ingest_coin_markets> on 2026-02-27 00:00:00+00:00
[2026-02-28T05:17:54.269+0300] {standard_task_runner.py:90} INFO - Running: ['airflow', 'tasks', 'run', 'mp_ingest_coin_markets', 'ingest_coin_markets', 'scheduled__2026-02-27T00:00:00+00:00', '--job-id', '8', '--raw', '--subdir', 'DAGS_FOLDER/mp_ingest_dag.py', '--cfg-path', '/tmp/tmp8__xvvnl']
[2026-02-28T05:17:54.270+0300] {logging_mixin.py:188} WARNING - /home/airflow/.local/lib/python3.12/site-packages/airflow/task/task_runner/standard_task_runner.py:62 DeprecationWarning: This process (pid=183) is multi-threaded, use of fork() may lead to deadlocks in the child.
[2026-02-28T05:17:54.271+0300] {standard_task_runner.py:91} INFO - Job 8: Subtask ingest_coin_markets
[2026-02-28T05:17:54.271+0300] {standard_task_runner.py:64} INFO - Started process 194 to run task
[2026-02-28T05:17:54.309+0300] {task_command.py:426} INFO - Running <TaskInstance: mp_ingest_coin_markets.ingest_coin_markets scheduled__2026-02-27T00:00:00+00:00 [running]> on host 22ccea16ac8f
[2026-02-28T05:17:54.370+0300] {taskinstance.py:2648} INFO - Exporting env vars: AIRFLOW_CTX_DAG_OWNER='marketpulse' AIRFLOW_CTX_DAG_ID='mp_ingest_coin_markets' AIRFLOW_CTX_TASK_ID='ingest_coin_markets' AIRFLOW_CTX_EXECUTION_DATE='2026-02-27T00:00:00+00:00' AIRFLOW_CTX_TRY_NUMBER='2' AIRFLOW_CTX_DAG_RUN_ID='scheduled__2026-02-27T00:00:00+00:00'
[2026-02-28T05:17:54.371+0300] {taskinstance.py:430} INFO - ::endgroup::
[2026-02-28T05:17:54.808+0300] {logging_mixin.py:188} INFO - Fetched 50 rows from API
[2026-02-28T05:17:54.815+0300] {taskinstance.py:441} INFO - ::group::Post task execution logs
[2026-02-28T05:17:54.816+0300] {taskinstance.py:2905} ERROR - Task failed with exception
Traceback (most recent call last):
  File "/home/airflow/.local/lib/python3.12/site-packages/airflow/models/taskinstance.py", line 465, in _execute_task
    result = _execute_callable(context=context, **execute_callable_kwargs)
             ^^^^^^^^^^^^^^^^^^^^^^^^^^^^^^^^^^^^^^^^^^^^^^^^^^^^^^^^^^^^^
  File "/home/airflow/.local/lib/python3.12/site-packages/airflow/models/taskinstance.py", line 432, in _execute_callable
    return execute_callable(context=context, **execute_callable_kwargs)
           ^^^^^^^^^^^^^^^^^^^^^^^^^^^^^^^^^^^^^^^^^^^^^^^^^^^^^^^^^^^^
  File "/home/airflow/.local/lib/python3.12/site-packages/airflow/models/baseoperator.py", line 401, in wrapper
    return func(self, *args, **kwargs)
           ^^^^^^^^^^^^^^^^^^^^^^^^^^^
  File "/home/airflow/.local/lib/python3.12/site-packages/airflow/operators/python.py", line 235, in execute
    return_value = self.execute_callable()
                   ^^^^^^^^^^^^^^^^^^^^^^^
  File "/home/airflow/.local/lib/python3.12/site-packages/airflow/operators/python.py", line 252, in execute_callable
    return self.python_callable(*self.op_args, **self.op_kwargs)
           ^^^^^^^^^^^^^^^^^^^^^^^^^^^^^^^^^^^^^^^^^^^^^^^^^^^^^
  File "/opt/airflow/dags/mp_ingest_dag.py", line 111, in ingest_coin_markets
    cur.execute(
psycopg2.errors.UndefinedColumn: column "last_updated" of relation "coin_markets" does not exist
LINE 5:                 market_cap_rank, last_updated,
                                         ^

[2026-02-28T05:17:54.828+0300] {taskinstance.py:1206} INFO - Marking task as FAILED. dag_id=mp_ingest_coin_markets, task_id=ingest_coin_markets, run_id=scheduled__2026-02-27T00:00:00+00:00, execution_date=20260227T000000, start_date=20260228T021754, end_date=20260228T021754
[2026-02-28T05:17:54.835+0300] {standard_task_runner.py:110} ERROR - Failed to execute job 8 for task ingest_coin_markets (column "last_updated" of relation "coin_markets" does not exist
LINE 5:                 market_cap_rank, last_updated,
                                         ^
; 194)
[2026-02-28T05:17:54.847+0300] {local_task_job_runner.py:243} INFO - Task exited with return code 1
[2026-02-28T05:17:54.861+0300] {taskinstance.py:3503} INFO - 0 downstream tasks scheduled from follow-on schedule check
[2026-02-28T05:17:54.864+0300] {local_task_job_runner.py:222} INFO - ::endgroup::
