[2026-02-28T05:50:19.570+0300] {local_task_job_runner.py:120} INFO - ::group::Pre task execution logs
[2026-02-28T05:50:19.601+0300] {taskinstance.py:2076} INFO - Dependencies all met for dep_context=non-requeueable deps ti=<TaskInstance: mp_ingest_coin_markets.dbt_run manual__2026-02-28T02:49:12+00:00 [queued]>
[2026-02-28T05:50:19.608+0300] {taskinstance.py:2076} INFO - Dependencies all met for dep_context=requeueable deps ti=<TaskInstance: mp_ingest_coin_markets.dbt_run manual__2026-02-28T02:49:12+00:00 [queued]>
[2026-02-28T05:50:19.612+0300] {taskinstance.py:2306} INFO - Starting attempt 2 of 2
[2026-02-28T05:50:19.620+0300] {taskinstance.py:2330} INFO - Executing <Task(BashOperator): dbt_run> on 2026-02-28 02:49:12+00:00
[2026-02-28T05:50:19.628+0300] {standard_task_runner.py:90} INFO - Running: ['airflow', 'tasks', 'run', 'mp_ingest_coin_markets', 'dbt_run', 'manual__2026-02-28T02:49:12+00:00', '--job-id', '27', '--raw', '--subdir', 'DAGS_FOLDER/mp_ingest_dag.py', '--cfg-path', '/tmp/tmpnx4g8bb3']
[2026-02-28T05:50:19.630+0300] {logging_mixin.py:188} WARNING - /home/airflow/.local/lib/python3.12/site-packages/airflow/task/task_runner/standard_task_runner.py:62 DeprecationWarning: This process (pid=568) is multi-threaded, use of fork() may lead to deadlocks in the child.
[2026-02-28T05:50:19.631+0300] {standard_task_runner.py:91} INFO - Job 27: Subtask dbt_run
[2026-02-28T05:50:19.633+0300] {standard_task_runner.py:64} INFO - Started process 569 to run task
[2026-02-28T05:50:19.687+0300] {task_command.py:426} INFO - Running <TaskInstance: mp_ingest_coin_markets.dbt_run manual__2026-02-28T02:49:12+00:00 [running]> on host 4df7cef04ee4
[2026-02-28T05:50:19.745+0300] {taskinstance.py:2648} INFO - Exporting env vars: AIRFLOW_CTX_DAG_OWNER='marketpulse' AIRFLOW_CTX_DAG_ID='mp_ingest_coin_markets' AIRFLOW_CTX_TASK_ID='dbt_run' AIRFLOW_CTX_EXECUTION_DATE='2026-02-28T02:49:12+00:00' AIRFLOW_CTX_TRY_NUMBER='2' AIRFLOW_CTX_DAG_RUN_ID='manual__2026-02-28T02:49:12+00:00'
[2026-02-28T05:50:19.747+0300] {taskinstance.py:430} INFO - ::endgroup::
[2026-02-28T05:50:19.758+0300] {subprocess.py:63} INFO - Tmp dir root location: /tmp
[2026-02-28T05:50:19.760+0300] {subprocess.py:75} INFO - Running command: ['/usr/bin/bash', '-c', 'docker exec mp_dbt dbt run --target dev']
[2026-02-28T05:50:19.768+0300] {subprocess.py:86} INFO - Output:
[2026-02-28T05:50:21.480+0300] {subprocess.py:93} INFO - [0m02:50:21  Running with dbt=1.9.1
[2026-02-28T05:50:21.797+0300] {subprocess.py:93} INFO - [0m02:50:21  Registered adapter: postgres=1.9.1
[2026-02-28T05:50:27.022+0300] {subprocess.py:93} INFO - [0m02:50:27  Found 3 models, 12 data tests, 1 source, 550 macros
[2026-02-28T05:50:27.027+0300] {subprocess.py:93} INFO - [0m02:50:27
[2026-02-28T05:50:27.029+0300] {subprocess.py:93} INFO - [0m02:50:27  Concurrency: 4 threads (target='dev')
[2026-02-28T05:50:27.031+0300] {subprocess.py:93} INFO - [0m02:50:27
[2026-02-28T05:50:27.523+0300] {subprocess.py:93} INFO - [0m02:50:27  1 of 3 START sql view model analytics_staging_staging.stg_coin_markets ......... [RUN]
[2026-02-28T05:50:27.843+0300] {subprocess.py:93} INFO - [0m02:50:27  1 of 3 OK created sql view model analytics_staging_staging.stg_coin_markets .... [[32mCREATE VIEW[0m in 0.31s]
[2026-02-28T05:50:27.861+0300] {subprocess.py:93} INFO - [0m02:50:27  2 of 3 START sql view model analytics_staging_marts.dim_coin ................... [RUN]
[2026-02-28T05:50:27.872+0300] {subprocess.py:93} INFO - [0m02:50:27  3 of 3 START sql incremental model analytics_staging_marts.fact_coin_snapshot .. [RUN]
[2026-02-28T05:50:28.078+0300] {subprocess.py:93} INFO - [0m02:50:28  3 of 3 ERROR creating sql incremental model analytics_staging_marts.fact_coin_snapshot  [[31mERROR[0m in 0.18s]
[2026-02-28T05:50:28.151+0300] {subprocess.py:93} INFO - [0m02:50:28  2 of 3 OK created sql view model analytics_staging_marts.dim_coin .............. [[32mCREATE VIEW[0m in 0.27s]
[2026-02-28T05:50:28.228+0300] {subprocess.py:93} INFO - [0m02:50:28
[2026-02-28T05:50:28.235+0300] {subprocess.py:93} INFO - [0m02:50:28  Finished running 1 incremental model, 2 view models in 0 hours 0 minutes and 1.20 seconds (1.20s).
[2026-02-28T05:50:28.392+0300] {subprocess.py:93} INFO - [0m02:50:28
[2026-02-28T05:50:28.395+0300] {subprocess.py:93} INFO - [0m02:50:28  [31mCompleted with 1 error, 0 partial successes, and 0 warnings:[0m
[2026-02-28T05:50:28.396+0300] {subprocess.py:93} INFO - [0m02:50:28
[2026-02-28T05:50:28.397+0300] {subprocess.py:93} INFO - [0m02:50:28    Database Error in model fact_coin_snapshot (models/marts/fact_coin_snapshot.sql)
[2026-02-28T05:50:28.398+0300] {subprocess.py:93} INFO -   column "price_change_percentage_24h" does not exist
[2026-02-28T05:50:28.398+0300] {subprocess.py:93} INFO -   LINE 22:   price_change_percentage_24h
[2026-02-28T05:50:28.400+0300] {subprocess.py:93} INFO -              ^
[2026-02-28T05:50:28.401+0300] {subprocess.py:93} INFO - [0m02:50:28
[2026-02-28T05:50:28.410+0300] {subprocess.py:93} INFO - [0m02:50:28  Done. PASS=2 WARN=0 ERROR=1 SKIP=0 TOTAL=3
[2026-02-28T05:50:29.799+0300] {subprocess.py:97} INFO - Command exited with return code 1
[2026-02-28T05:50:29.801+0300] {taskinstance.py:441} INFO - ::group::Post task execution logs
[2026-02-28T05:50:29.811+0300] {taskinstance.py:2905} ERROR - Task failed with exception
Traceback (most recent call last):
  File "/home/airflow/.local/lib/python3.12/site-packages/airflow/models/taskinstance.py", line 465, in _execute_task
    result = _execute_callable(context=context, **execute_callable_kwargs)
             ^^^^^^^^^^^^^^^^^^^^^^^^^^^^^^^^^^^^^^^^^^^^^^^^^^^^^^^^^^^^^
  File "/home/airflow/.local/lib/python3.12/site-packages/airflow/models/taskinstance.py", line 432, in _execute_callable
    return execute_callable(context=context, **execute_callable_kwargs)
           ^^^^^^^^^^^^^^^^^^^^^^^^^^^^^^^^^^^^^^^^^^^^^^^^^^^^^^^^^^^^
  File "/home/airflow/.local/lib/python3.12/site-packages/airflow/models/baseoperator.py", line 401, in wrapper
    return func(self, *args, **kwargs)
           ^^^^^^^^^^^^^^^^^^^^^^^^^^^
  File "/home/airflow/.local/lib/python3.12/site-packages/airflow/operators/bash.py", line 243, in execute
    raise AirflowException(
airflow.exceptions.AirflowException: Bash command failed. The command returned a non-zero exit code 1.
[2026-02-28T05:50:29.816+0300] {taskinstance.py:1206} INFO - Marking task as FAILED. dag_id=mp_ingest_coin_markets, task_id=dbt_run, run_id=manual__2026-02-28T02:49:12+00:00, execution_date=20260228T024912, start_date=20260228T025019, end_date=20260228T025029
[2026-02-28T05:50:29.825+0300] {standard_task_runner.py:110} ERROR - Failed to execute job 27 for task dbt_run (Bash command failed. The command returned a non-zero exit code 1.; 569)
[2026-02-28T05:50:29.845+0300] {local_task_job_runner.py:243} INFO - Task exited with return code 1
[2026-02-28T05:50:29.862+0300] {taskinstance.py:3503} INFO - 0 downstream tasks scheduled from follow-on schedule check
[2026-02-28T05:50:29.866+0300] {local_task_job_runner.py:222} INFO - ::endgroup::
