[2026-02-28T05:49:13.432+0300] {local_task_job_runner.py:120} INFO - ::group::Pre task execution logs
[2026-02-28T05:49:13.455+0300] {taskinstance.py:2076} INFO - Dependencies all met for dep_context=non-requeueable deps ti=<TaskInstance: mp_ingest_coin_markets.dbt_run manual__2026-02-28T02:49:12+00:00 [queued]>
[2026-02-28T05:49:13.461+0300] {taskinstance.py:2076} INFO - Dependencies all met for dep_context=requeueable deps ti=<TaskInstance: mp_ingest_coin_markets.dbt_run manual__2026-02-28T02:49:12+00:00 [queued]>
[2026-02-28T05:49:13.462+0300] {taskinstance.py:2306} INFO - Starting attempt 1 of 2
[2026-02-28T05:49:13.471+0300] {taskinstance.py:2330} INFO - Executing <Task(BashOperator): dbt_run> on 2026-02-28 02:49:12+00:00
[2026-02-28T05:49:13.476+0300] {standard_task_runner.py:90} INFO - Running: ['airflow', 'tasks', 'run', 'mp_ingest_coin_markets', 'dbt_run', 'manual__2026-02-28T02:49:12+00:00', '--job-id', '26', '--raw', '--subdir', 'DAGS_FOLDER/mp_ingest_dag.py', '--cfg-path', '/tmp/tmpa6fqdnrd']
[2026-02-28T05:49:13.478+0300] {logging_mixin.py:188} WARNING - /home/airflow/.local/lib/python3.12/site-packages/airflow/task/task_runner/standard_task_runner.py:62 DeprecationWarning: This process (pid=537) is multi-threaded, use of fork() may lead to deadlocks in the child.
[2026-02-28T05:49:13.479+0300] {standard_task_runner.py:91} INFO - Job 26: Subtask dbt_run
[2026-02-28T05:49:13.480+0300] {standard_task_runner.py:64} INFO - Started process 538 to run task
[2026-02-28T05:49:13.517+0300] {task_command.py:426} INFO - Running <TaskInstance: mp_ingest_coin_markets.dbt_run manual__2026-02-28T02:49:12+00:00 [running]> on host 4df7cef04ee4
[2026-02-28T05:49:13.569+0300] {taskinstance.py:2648} INFO - Exporting env vars: AIRFLOW_CTX_DAG_OWNER='marketpulse' AIRFLOW_CTX_DAG_ID='mp_ingest_coin_markets' AIRFLOW_CTX_TASK_ID='dbt_run' AIRFLOW_CTX_EXECUTION_DATE='2026-02-28T02:49:12+00:00' AIRFLOW_CTX_TRY_NUMBER='1' AIRFLOW_CTX_DAG_RUN_ID='manual__2026-02-28T02:49:12+00:00'
[2026-02-28T05:49:13.570+0300] {taskinstance.py:430} INFO - ::endgroup::
[2026-02-28T05:49:13.577+0300] {subprocess.py:63} INFO - Tmp dir root location: /tmp
[2026-02-28T05:49:13.578+0300] {subprocess.py:75} INFO - Running command: ['/usr/bin/bash', '-c', 'docker exec mp_dbt dbt run --target dev']
[2026-02-28T05:49:13.584+0300] {subprocess.py:86} INFO - Output:
[2026-02-28T05:49:15.078+0300] {subprocess.py:93} INFO - [0m02:49:15  Running with dbt=1.9.1
[2026-02-28T05:49:15.263+0300] {subprocess.py:93} INFO - [0m02:49:15  Registered adapter: postgres=1.9.1
[2026-02-28T05:49:17.469+0300] {subprocess.py:93} INFO - [0m02:49:17  Found 3 models, 12 data tests, 1 source, 550 macros
[2026-02-28T05:49:17.473+0300] {subprocess.py:93} INFO - [0m02:49:17
[2026-02-28T05:49:17.474+0300] {subprocess.py:93} INFO - [0m02:49:17  Concurrency: 4 threads (target='dev')
[2026-02-28T05:49:17.475+0300] {subprocess.py:93} INFO - [0m02:49:17
[2026-02-28T05:49:17.591+0300] {subprocess.py:93} INFO - [0m02:49:17  1 of 3 START sql view model analytics_staging_staging.stg_coin_markets ......... [RUN]
[2026-02-28T05:49:17.682+0300] {subprocess.py:93} INFO - [0m02:49:17  1 of 3 OK created sql view model analytics_staging_staging.stg_coin_markets .... [[32mCREATE VIEW[0m in 0.09s]
[2026-02-28T05:49:17.686+0300] {subprocess.py:93} INFO - [0m02:49:17  2 of 3 START sql view model analytics_staging_marts.dim_coin ................... [RUN]
[2026-02-28T05:49:17.687+0300] {subprocess.py:93} INFO - [0m02:49:17  3 of 3 START sql incremental model analytics_staging_marts.fact_coin_snapshot .. [RUN]
[2026-02-28T05:49:17.754+0300] {subprocess.py:93} INFO - [0m02:49:17  3 of 3 ERROR creating sql incremental model analytics_staging_marts.fact_coin_snapshot  [[31mERROR[0m in 0.06s]
[2026-02-28T05:49:17.770+0300] {subprocess.py:93} INFO - [0m02:49:17  2 of 3 OK created sql view model analytics_staging_marts.dim_coin .............. [[32mCREATE VIEW[0m in 0.08s]
[2026-02-28T05:49:17.788+0300] {subprocess.py:93} INFO - [0m02:49:17
[2026-02-28T05:49:17.789+0300] {subprocess.py:93} INFO - [0m02:49:17  Finished running 1 incremental model, 2 view models in 0 hours 0 minutes and 0.31 seconds (0.31s).
[2026-02-28T05:49:17.831+0300] {subprocess.py:93} INFO - [0m02:49:17
[2026-02-28T05:49:17.832+0300] {subprocess.py:93} INFO - [0m02:49:17  [31mCompleted with 1 error, 0 partial successes, and 0 warnings:[0m
[2026-02-28T05:49:17.833+0300] {subprocess.py:93} INFO - [0m02:49:17
[2026-02-28T05:49:17.834+0300] {subprocess.py:93} INFO - [0m02:49:17    Database Error in model fact_coin_snapshot (models/marts/fact_coin_snapshot.sql)
[2026-02-28T05:49:17.834+0300] {subprocess.py:93} INFO -   column "price_change_percentage_24h" does not exist
[2026-02-28T05:49:17.835+0300] {subprocess.py:93} INFO -   LINE 22:   price_change_percentage_24h
[2026-02-28T05:49:17.835+0300] {subprocess.py:93} INFO -              ^
[2026-02-28T05:49:17.836+0300] {subprocess.py:93} INFO - [0m02:49:17
[2026-02-28T05:49:17.836+0300] {subprocess.py:93} INFO - [0m02:49:17  Done. PASS=2 WARN=0 ERROR=1 SKIP=0 TOTAL=3
[2026-02-28T05:49:19.030+0300] {subprocess.py:97} INFO - Command exited with return code 1
[2026-02-28T05:49:19.031+0300] {taskinstance.py:441} INFO - ::group::Post task execution logs
[2026-02-28T05:49:19.039+0300] {taskinstance.py:2905} ERROR - Task failed with exception
Traceback (most recent call last):
  File "/home/airflow/.local/lib/python3.12/site-packages/airflow/models/taskinstance.py", line 465, in _execute_task
    result = _execute_callable(context=context, **execute_callable_kwargs)
             ^^^^^^^^^^^^^^^^^^^^^^^^^^^^^^^^^^^^^^^^^^^^^^^^^^^^^^^^^^^^^
  File "/home/airflow/.local/lib/python3.12/site-packages/airflow/models/taskinstance.py", line 432, in _execute_callable
    return execute_callable(context=context, **execute_callable_kwargs)
           ^^^^^^^^^^^^^^^^^^^^^^^^^^^^^^^^^^^^^^^^^^^^^^^^^^^^^^^^^^^^
  File "/home/airflow/.local/lib/python3.12/site-packages/airflow/models/baseoperator.py", line 401, in wrapper
    return func(self, *args, **kwargs)
           ^^^^^^^^^^^^^^^^^^^^^^^^^^^
  File "/home/airflow/.local/lib/python3.12/site-packages/airflow/operators/bash.py", line 243, in execute
    raise AirflowException(
airflow.exceptions.AirflowException: Bash command failed. The command returned a non-zero exit code 1.
[2026-02-28T05:49:19.043+0300] {taskinstance.py:1206} INFO - Marking task as UP_FOR_RETRY. dag_id=mp_ingest_coin_markets, task_id=dbt_run, run_id=manual__2026-02-28T02:49:12+00:00, execution_date=20260228T024912, start_date=20260228T024913, end_date=20260228T024919
[2026-02-28T05:49:19.052+0300] {standard_task_runner.py:110} ERROR - Failed to execute job 26 for task dbt_run (Bash command failed. The command returned a non-zero exit code 1.; 538)
[2026-02-28T05:49:19.082+0300] {local_task_job_runner.py:243} INFO - Task exited with return code 1
[2026-02-28T05:49:19.100+0300] {taskinstance.py:3503} INFO - 0 downstream tasks scheduled from follow-on schedule check
[2026-02-28T05:49:19.102+0300] {local_task_job_runner.py:222} INFO - ::endgroup::
