[2026-02-28T05:07:53.762+0300] {local_task_job_runner.py:120} INFO - ::group::Pre task execution logs
[2026-02-28T05:07:53.797+0300] {taskinstance.py:2076} INFO - Dependencies all met for dep_context=non-requeueable deps ti=<TaskInstance: mp_ingest_coin_markets.ingest_coin_markets manual__2026-02-28T02:07:52+00:00 [queued]>
[2026-02-28T05:07:53.805+0300] {taskinstance.py:2076} INFO - Dependencies all met for dep_context=requeueable deps ti=<TaskInstance: mp_ingest_coin_markets.ingest_coin_markets manual__2026-02-28T02:07:52+00:00 [queued]>
[2026-02-28T05:07:53.809+0300] {taskinstance.py:2306} INFO - Starting attempt 1 of 2
[2026-02-28T05:07:53.822+0300] {taskinstance.py:2330} INFO - Executing <Task(PythonOperator): ingest_coin_markets> on 2026-02-28 02:07:52+00:00
[2026-02-28T05:07:53.827+0300] {standard_task_runner.py:90} INFO - Running: ['airflow', 'tasks', 'run', 'mp_ingest_coin_markets', 'ingest_coin_markets', 'manual__2026-02-28T02:07:52+00:00', '--job-id', '4', '--raw', '--subdir', 'DAGS_FOLDER/mp_ingest_dag.py', '--cfg-path', '/tmp/tmpaajkr4om']
[2026-02-28T05:07:53.829+0300] {logging_mixin.py:188} WARNING - /home/airflow/.local/lib/python3.12/site-packages/airflow/task/task_runner/standard_task_runner.py:62 DeprecationWarning: This process (pid=1463) is multi-threaded, use of fork() may lead to deadlocks in the child.
[2026-02-28T05:07:53.831+0300] {standard_task_runner.py:91} INFO - Job 4: Subtask ingest_coin_markets
[2026-02-28T05:07:53.833+0300] {standard_task_runner.py:64} INFO - Started process 1464 to run task
[2026-02-28T05:07:53.879+0300] {task_command.py:426} INFO - Running <TaskInstance: mp_ingest_coin_markets.ingest_coin_markets manual__2026-02-28T02:07:52+00:00 [running]> on host 409f84a6b1ba
[2026-02-28T05:07:53.937+0300] {taskinstance.py:2648} INFO - Exporting env vars: AIRFLOW_CTX_DAG_OWNER='marketpulse' AIRFLOW_CTX_DAG_ID='mp_ingest_coin_markets' AIRFLOW_CTX_TASK_ID='ingest_coin_markets' AIRFLOW_CTX_EXECUTION_DATE='2026-02-28T02:07:52+00:00' AIRFLOW_CTX_TRY_NUMBER='1' AIRFLOW_CTX_DAG_RUN_ID='manual__2026-02-28T02:07:52+00:00'
[2026-02-28T05:07:53.938+0300] {taskinstance.py:430} INFO - ::endgroup::
[2026-02-28T05:07:54.759+0300] {taskinstance.py:441} INFO - ::group::Post task execution logs
[2026-02-28T05:07:54.761+0300] {taskinstance.py:2905} ERROR - Task failed with exception
Traceback (most recent call last):
  File "/home/airflow/.local/lib/python3.12/site-packages/airflow/models/taskinstance.py", line 465, in _execute_task
    result = _execute_callable(context=context, **execute_callable_kwargs)
             ^^^^^^^^^^^^^^^^^^^^^^^^^^^^^^^^^^^^^^^^^^^^^^^^^^^^^^^^^^^^^
  File "/home/airflow/.local/lib/python3.12/site-packages/airflow/models/taskinstance.py", line 432, in _execute_callable
    return execute_callable(context=context, **execute_callable_kwargs)
           ^^^^^^^^^^^^^^^^^^^^^^^^^^^^^^^^^^^^^^^^^^^^^^^^^^^^^^^^^^^^
  File "/home/airflow/.local/lib/python3.12/site-packages/airflow/models/baseoperator.py", line 401, in wrapper
    return func(self, *args, **kwargs)
           ^^^^^^^^^^^^^^^^^^^^^^^^^^^
  File "/home/airflow/.local/lib/python3.12/site-packages/airflow/operators/python.py", line 235, in execute
    return_value = self.execute_callable()
                   ^^^^^^^^^^^^^^^^^^^^^^^
  File "/home/airflow/.local/lib/python3.12/site-packages/airflow/operators/python.py", line 252, in execute_callable
    return self.python_callable(*self.op_args, **self.op_kwargs)
           ^^^^^^^^^^^^^^^^^^^^^^^^^^^^^^^^^^^^^^^^^^^^^^^^^^^^^
  File "/opt/airflow/dags/mp_ingest_dag.py", line 41, in ingest
    conn = psycopg2.connect(
           ^^^^^^^^^^^^^^^^^
  File "/home/airflow/.local/lib/python3.12/site-packages/psycopg2/__init__.py", line 122, in connect
    conn = _connect(dsn, connection_factory=connection_factory, **kwasync)
           ^^^^^^^^^^^^^^^^^^^^^^^^^^^^^^^^^^^^^^^^^^^^^^^^^^^^^^^^^^^^^^^
psycopg2.OperationalError: connection to server at "postgres" (172.18.0.2), port 5432 failed: FATAL:  password authentication failed for user "de_user"

[2026-02-28T05:07:54.799+0300] {taskinstance.py:1206} INFO - Marking task as UP_FOR_RETRY. dag_id=mp_ingest_coin_markets, task_id=ingest_coin_markets, run_id=manual__2026-02-28T02:07:52+00:00, execution_date=20260228T020752, start_date=20260228T020753, end_date=20260228T020754
[2026-02-28T05:07:54.810+0300] {standard_task_runner.py:110} ERROR - Failed to execute job 4 for task ingest_coin_markets (connection to server at "postgres" (172.18.0.2), port 5432 failed: FATAL:  password authentication failed for user "de_user"
; 1464)
[2026-02-28T05:07:54.855+0300] {local_task_job_runner.py:243} INFO - Task exited with return code 1
[2026-02-28T05:07:54.875+0300] {taskinstance.py:3503} INFO - 0 downstream tasks scheduled from follow-on schedule check
[2026-02-28T05:07:54.879+0300] {local_task_job_runner.py:222} INFO - ::endgroup::
