[2026-02-28T05:27:27.510+0300] {local_task_job_runner.py:120} INFO - ::group::Pre task execution logs
[2026-02-28T05:27:27.532+0300] {taskinstance.py:2076} INFO - Dependencies all met for dep_context=non-requeueable deps ti=<TaskInstance: mp_ingest_coin_markets.ingest_coin_markets manual__2026-02-28T02:27:26+00:00 [queued]>
[2026-02-28T05:27:27.537+0300] {taskinstance.py:2076} INFO - Dependencies all met for dep_context=requeueable deps ti=<TaskInstance: mp_ingest_coin_markets.ingest_coin_markets manual__2026-02-28T02:27:26+00:00 [queued]>
[2026-02-28T05:27:27.539+0300] {taskinstance.py:2306} INFO - Starting attempt 1 of 2
[2026-02-28T05:27:27.549+0300] {taskinstance.py:2330} INFO - Executing <Task(PythonOperator): ingest_coin_markets> on 2026-02-28 02:27:26+00:00
[2026-02-28T05:27:27.557+0300] {standard_task_runner.py:90} INFO - Running: ['airflow', 'tasks', 'run', 'mp_ingest_coin_markets', 'ingest_coin_markets', 'manual__2026-02-28T02:27:26+00:00', '--job-id', '18', '--raw', '--subdir', 'DAGS_FOLDER/mp_ingest_dag.py', '--cfg-path', '/tmp/tmp5jy3j2sj']
[2026-02-28T05:27:27.558+0300] {logging_mixin.py:188} WARNING - /home/airflow/.local/lib/python3.12/site-packages/airflow/task/task_runner/standard_task_runner.py:62 DeprecationWarning: This process (pid=193) is multi-threaded, use of fork() may lead to deadlocks in the child.
[2026-02-28T05:27:27.560+0300] {standard_task_runner.py:91} INFO - Job 18: Subtask ingest_coin_markets
[2026-02-28T05:27:27.564+0300] {standard_task_runner.py:64} INFO - Started process 194 to run task
[2026-02-28T05:27:27.606+0300] {task_command.py:426} INFO - Running <TaskInstance: mp_ingest_coin_markets.ingest_coin_markets manual__2026-02-28T02:27:26+00:00 [running]> on host f61b8bd09d26
[2026-02-28T05:27:27.664+0300] {taskinstance.py:2648} INFO - Exporting env vars: AIRFLOW_CTX_DAG_OWNER='marketpulse' AIRFLOW_CTX_DAG_ID='mp_ingest_coin_markets' AIRFLOW_CTX_TASK_ID='ingest_coin_markets' AIRFLOW_CTX_EXECUTION_DATE='2026-02-28T02:27:26+00:00' AIRFLOW_CTX_TRY_NUMBER='1' AIRFLOW_CTX_DAG_RUN_ID='manual__2026-02-28T02:27:26+00:00'
[2026-02-28T05:27:27.665+0300] {taskinstance.py:430} INFO - ::endgroup::
[2026-02-28T05:27:28.315+0300] {logging_mixin.py:188} INFO - Fetched 50 rows from API
[2026-02-28T05:27:28.329+0300] {logging_mixin.py:188} INFO - Upserted 50 rows into raw.coin_markets
[2026-02-28T05:27:28.331+0300] {python.py:237} INFO - Done. Returned value was: None
[2026-02-28T05:27:28.332+0300] {taskinstance.py:441} INFO - ::group::Post task execution logs
[2026-02-28T05:27:28.339+0300] {taskinstance.py:1206} INFO - Marking task as SUCCESS. dag_id=mp_ingest_coin_markets, task_id=ingest_coin_markets, run_id=manual__2026-02-28T02:27:26+00:00, execution_date=20260228T022726, start_date=20260228T022727, end_date=20260228T022728
[2026-02-28T05:27:28.380+0300] {local_task_job_runner.py:243} INFO - Task exited with return code 0
[2026-02-28T05:27:28.396+0300] {taskinstance.py:3503} INFO - 1 downstream tasks scheduled from follow-on schedule check
[2026-02-28T05:27:28.400+0300] {local_task_job_runner.py:222} INFO - ::endgroup::
