[2026-02-28T05:22:18.016+0300] {local_task_job_runner.py:120} INFO - ::group::Pre task execution logs
[2026-02-28T05:22:18.037+0300] {taskinstance.py:2076} INFO - Dependencies all met for dep_context=non-requeueable deps ti=<TaskInstance: mp_ingest_coin_markets.ingest_coin_markets manual__2026-02-28T02:22:16+00:00 [queued]>
[2026-02-28T05:22:18.042+0300] {taskinstance.py:2076} INFO - Dependencies all met for dep_context=requeueable deps ti=<TaskInstance: mp_ingest_coin_markets.ingest_coin_markets manual__2026-02-28T02:22:16+00:00 [queued]>
[2026-02-28T05:22:18.043+0300] {taskinstance.py:2306} INFO - Starting attempt 1 of 2
[2026-02-28T05:22:18.051+0300] {taskinstance.py:2330} INFO - Executing <Task(PythonOperator): ingest_coin_markets> on 2026-02-28 02:22:16+00:00
[2026-02-28T05:22:18.056+0300] {standard_task_runner.py:90} INFO - Running: ['airflow', 'tasks', 'run', 'mp_ingest_coin_markets', 'ingest_coin_markets', 'manual__2026-02-28T02:22:16+00:00', '--job-id', '14', '--raw', '--subdir', 'DAGS_FOLDER/mp_ingest_dag.py', '--cfg-path', '/tmp/tmp2hu6h26r']
[2026-02-28T05:22:18.058+0300] {logging_mixin.py:188} WARNING - /home/airflow/.local/lib/python3.12/site-packages/airflow/task/task_runner/standard_task_runner.py:62 DeprecationWarning: This process (pid=285) is multi-threaded, use of fork() may lead to deadlocks in the child.
[2026-02-28T05:22:18.058+0300] {standard_task_runner.py:91} INFO - Job 14: Subtask ingest_coin_markets
[2026-02-28T05:22:18.059+0300] {standard_task_runner.py:64} INFO - Started process 286 to run task
[2026-02-28T05:22:18.096+0300] {task_command.py:426} INFO - Running <TaskInstance: mp_ingest_coin_markets.ingest_coin_markets manual__2026-02-28T02:22:16+00:00 [running]> on host 22ccea16ac8f
[2026-02-28T05:22:18.148+0300] {taskinstance.py:2648} INFO - Exporting env vars: AIRFLOW_CTX_DAG_OWNER='marketpulse' AIRFLOW_CTX_DAG_ID='mp_ingest_coin_markets' AIRFLOW_CTX_TASK_ID='ingest_coin_markets' AIRFLOW_CTX_EXECUTION_DATE='2026-02-28T02:22:16+00:00' AIRFLOW_CTX_TRY_NUMBER='1' AIRFLOW_CTX_DAG_RUN_ID='manual__2026-02-28T02:22:16+00:00'
[2026-02-28T05:22:18.149+0300] {taskinstance.py:430} INFO - ::endgroup::
[2026-02-28T05:22:18.685+0300] {logging_mixin.py:188} INFO - Fetched 50 rows from API
[2026-02-28T05:22:18.707+0300] {logging_mixin.py:188} INFO - Upserted 50 rows into raw.coin_markets
[2026-02-28T05:22:18.710+0300] {python.py:237} INFO - Done. Returned value was: None
[2026-02-28T05:22:18.710+0300] {taskinstance.py:441} INFO - ::group::Post task execution logs
[2026-02-28T05:22:18.717+0300] {taskinstance.py:1206} INFO - Marking task as SUCCESS. dag_id=mp_ingest_coin_markets, task_id=ingest_coin_markets, run_id=manual__2026-02-28T02:22:16+00:00, execution_date=20260228T022216, start_date=20260228T022218, end_date=20260228T022218
[2026-02-28T05:22:18.754+0300] {local_task_job_runner.py:243} INFO - Task exited with return code 0
[2026-02-28T05:22:18.775+0300] {taskinstance.py:3503} INFO - 1 downstream tasks scheduled from follow-on schedule check
[2026-02-28T05:22:18.777+0300] {local_task_job_runner.py:222} INFO - ::endgroup::
