[2026-02-28T05:20:36.970+0300] {local_task_job_runner.py:120} INFO - ::group::Pre task execution logs
[2026-02-28T05:20:36.993+0300] {taskinstance.py:2076} INFO - Dependencies all met for dep_context=non-requeueable deps ti=<TaskInstance: mp_ingest_coin_markets.dbt_run manual__2026-02-28T02:20:34+00:00 [queued]>
[2026-02-28T05:20:36.999+0300] {taskinstance.py:2076} INFO - Dependencies all met for dep_context=requeueable deps ti=<TaskInstance: mp_ingest_coin_markets.dbt_run manual__2026-02-28T02:20:34+00:00 [queued]>
[2026-02-28T05:20:37.001+0300] {taskinstance.py:2306} INFO - Starting attempt 1 of 2
[2026-02-28T05:20:37.010+0300] {taskinstance.py:2330} INFO - Executing <Task(DockerOperator): dbt_run> on 2026-02-28 02:20:34+00:00
[2026-02-28T05:20:37.015+0300] {standard_task_runner.py:90} INFO - Running: ['airflow', 'tasks', 'run', 'mp_ingest_coin_markets', 'dbt_run', 'manual__2026-02-28T02:20:34+00:00', '--job-id', '12', '--raw', '--subdir', 'DAGS_FOLDER/mp_ingest_dag.py', '--cfg-path', '/tmp/tmphjdjyroa']
[2026-02-28T05:20:37.017+0300] {logging_mixin.py:188} WARNING - /home/airflow/.local/lib/python3.12/site-packages/airflow/task/task_runner/standard_task_runner.py:62 DeprecationWarning: This process (pid=251) is multi-threaded, use of fork() may lead to deadlocks in the child.
[2026-02-28T05:20:37.018+0300] {standard_task_runner.py:91} INFO - Job 12: Subtask dbt_run
[2026-02-28T05:20:37.020+0300] {standard_task_runner.py:64} INFO - Started process 252 to run task
[2026-02-28T05:20:37.058+0300] {task_command.py:426} INFO - Running <TaskInstance: mp_ingest_coin_markets.dbt_run manual__2026-02-28T02:20:34+00:00 [running]> on host 22ccea16ac8f
[2026-02-28T05:20:37.112+0300] {taskinstance.py:2648} INFO - Exporting env vars: AIRFLOW_CTX_DAG_OWNER='marketpulse' AIRFLOW_CTX_DAG_ID='mp_ingest_coin_markets' AIRFLOW_CTX_TASK_ID='dbt_run' AIRFLOW_CTX_EXECUTION_DATE='2026-02-28T02:20:34+00:00' AIRFLOW_CTX_TRY_NUMBER='1' AIRFLOW_CTX_DAG_RUN_ID='manual__2026-02-28T02:20:34+00:00'
[2026-02-28T05:20:37.115+0300] {taskinstance.py:430} INFO - ::endgroup::
[2026-02-28T05:20:37.133+0300] {docker.py:157} ERROR - Failed to establish connection to Docker host unix:///var/run/docker.sock: Error while fetching server API version: ('Connection aborted.', FileNotFoundError(2, 'No such file or directory'))
[2026-02-28T05:20:37.134+0300] {taskinstance.py:441} INFO - ::group::Post task execution logs
[2026-02-28T05:20:37.143+0300] {taskinstance.py:2905} ERROR - Task failed with exception
Traceback (most recent call last):
  File "/home/airflow/.local/lib/python3.12/site-packages/airflow/models/taskinstance.py", line 460, in _execute_task
    result = _execute_callable(context=context, **execute_callable_kwargs)
             ^^^^^^^^^^^^^^^^^^^^^^^^^^^^^^^^^^^^^^^^^^^^^^^^^^^^^^^^^^^^^
  File "/home/airflow/.local/lib/python3.12/site-packages/airflow/models/taskinstance.py", line 432, in _execute_callable
    return execute_callable(context=context, **execute_callable_kwargs)
           ^^^^^^^^^^^^^^^^^^^^^^^^^^^^^^^^^^^^^^^^^^^^^^^^^^^^^^^^^^^^
  File "/home/airflow/.local/lib/python3.12/site-packages/airflow/models/baseoperator.py", line 401, in wrapper
    return func(self, *args, **kwargs)
           ^^^^^^^^^^^^^^^^^^^^^^^^^^^
  File "/home/airflow/.local/lib/python3.12/site-packages/airflow/providers/docker/operators/docker.py", line 495, in execute
    if self.force_pull or not self.cli.images(name=self.image):
                              ^^^^^^^^
  File "/home/airflow/.local/lib/python3.12/site-packages/airflow/providers/docker/operators/docker.py", line 363, in cli
    return self.hook.api_client
           ^^^^^^^^^^^^^^^^^^^^
  File "/usr/local/lib/python3.12/functools.py", line 995, in __get__
    val = self.func(instance)
          ^^^^^^^^^^^^^^^^^^^
  File "/home/airflow/.local/lib/python3.12/site-packages/airflow/providers/docker/hooks/docker.py", line 161, in api_client
    raise AirflowException("Failed to establish connection to any given Docker hosts.")
airflow.exceptions.AirflowException: Failed to establish connection to any given Docker hosts.
[2026-02-28T05:20:37.147+0300] {taskinstance.py:1206} INFO - Marking task as UP_FOR_RETRY. dag_id=mp_ingest_coin_markets, task_id=dbt_run, run_id=manual__2026-02-28T02:20:34+00:00, execution_date=20260228T022034, start_date=20260228T022036, end_date=20260228T022037
[2026-02-28T05:20:37.155+0300] {standard_task_runner.py:110} ERROR - Failed to execute job 12 for task dbt_run (Failed to establish connection to any given Docker hosts.; 252)
[2026-02-28T05:20:37.198+0300] {local_task_job_runner.py:243} INFO - Task exited with return code 1
[2026-02-28T05:20:37.215+0300] {taskinstance.py:3503} INFO - 0 downstream tasks scheduled from follow-on schedule check
[2026-02-28T05:20:37.219+0300] {local_task_job_runner.py:222} INFO - ::endgroup::
