[2026-02-28T05:20:35.392+0300] {local_task_job_runner.py:120} INFO - ::group::Pre task execution logs
[2026-02-28T05:20:35.419+0300] {taskinstance.py:2076} INFO - Dependencies all met for dep_context=non-requeueable deps ti=<TaskInstance: mp_ingest_coin_markets.ingest_coin_markets manual__2026-02-28T02:20:34+00:00 [queued]>
[2026-02-28T05:20:35.425+0300] {taskinstance.py:2076} INFO - Dependencies all met for dep_context=requeueable deps ti=<TaskInstance: mp_ingest_coin_markets.ingest_coin_markets manual__2026-02-28T02:20:34+00:00 [queued]>
[2026-02-28T05:20:35.430+0300] {taskinstance.py:2306} INFO - Starting attempt 1 of 2
[2026-02-28T05:20:35.446+0300] {taskinstance.py:2330} INFO - Executing <Task(PythonOperator): ingest_coin_markets> on 2026-02-28 02:20:34+00:00
[2026-02-28T05:20:35.454+0300] {standard_task_runner.py:90} INFO - Running: ['airflow', 'tasks', 'run', 'mp_ingest_coin_markets', 'ingest_coin_markets', 'manual__2026-02-28T02:20:34+00:00', '--job-id', '11', '--raw', '--subdir', 'DAGS_FOLDER/mp_ingest_dag.py', '--cfg-path', '/tmp/tmpjn3i4hyr']
[2026-02-28T05:20:35.456+0300] {logging_mixin.py:188} WARNING - /home/airflow/.local/lib/python3.12/site-packages/airflow/task/task_runner/standard_task_runner.py:62 DeprecationWarning: This process (pid=249) is multi-threaded, use of fork() may lead to deadlocks in the child.
[2026-02-28T05:20:35.457+0300] {standard_task_runner.py:91} INFO - Job 11: Subtask ingest_coin_markets
[2026-02-28T05:20:35.459+0300] {standard_task_runner.py:64} INFO - Started process 250 to run task
[2026-02-28T05:20:35.497+0300] {task_command.py:426} INFO - Running <TaskInstance: mp_ingest_coin_markets.ingest_coin_markets manual__2026-02-28T02:20:34+00:00 [running]> on host 22ccea16ac8f
[2026-02-28T05:20:35.549+0300] {taskinstance.py:2648} INFO - Exporting env vars: AIRFLOW_CTX_DAG_OWNER='marketpulse' AIRFLOW_CTX_DAG_ID='mp_ingest_coin_markets' AIRFLOW_CTX_TASK_ID='ingest_coin_markets' AIRFLOW_CTX_EXECUTION_DATE='2026-02-28T02:20:34+00:00' AIRFLOW_CTX_TRY_NUMBER='1' AIRFLOW_CTX_DAG_RUN_ID='manual__2026-02-28T02:20:34+00:00'
[2026-02-28T05:20:35.551+0300] {taskinstance.py:430} INFO - ::endgroup::
[2026-02-28T05:20:36.312+0300] {logging_mixin.py:188} INFO - Fetched 50 rows from API
[2026-02-28T05:20:36.350+0300] {logging_mixin.py:188} INFO - Upserted 50 rows into raw.coin_markets
[2026-02-28T05:20:36.352+0300] {python.py:237} INFO - Done. Returned value was: None
[2026-02-28T05:20:36.354+0300] {taskinstance.py:441} INFO - ::group::Post task execution logs
[2026-02-28T05:20:36.363+0300] {taskinstance.py:1206} INFO - Marking task as SUCCESS. dag_id=mp_ingest_coin_markets, task_id=ingest_coin_markets, run_id=manual__2026-02-28T02:20:34+00:00, execution_date=20260228T022034, start_date=20260228T022035, end_date=20260228T022036
[2026-02-28T05:20:36.397+0300] {local_task_job_runner.py:243} INFO - Task exited with return code 0
[2026-02-28T05:20:36.415+0300] {taskinstance.py:3503} INFO - 1 downstream tasks scheduled from follow-on schedule check
[2026-02-28T05:20:36.418+0300] {local_task_job_runner.py:222} INFO - ::endgroup::
