[2026-02-28T05:51:33.553+0300] {local_task_job_runner.py:120} INFO - ::group::Pre task execution logs
[2026-02-28T05:51:33.578+0300] {taskinstance.py:2076} INFO - Dependencies all met for dep_context=non-requeueable deps ti=<TaskInstance: mp_ingest_coin_markets.dbt_run manual__2026-02-28T02:51:30+00:00 [queued]>
[2026-02-28T05:51:33.590+0300] {taskinstance.py:2076} INFO - Dependencies all met for dep_context=requeueable deps ti=<TaskInstance: mp_ingest_coin_markets.dbt_run manual__2026-02-28T02:51:30+00:00 [queued]>
[2026-02-28T05:51:33.595+0300] {taskinstance.py:2306} INFO - Starting attempt 1 of 2
[2026-02-28T05:51:33.607+0300] {taskinstance.py:2330} INFO - Executing <Task(BashOperator): dbt_run> on 2026-02-28 02:51:30+00:00
[2026-02-28T05:51:33.617+0300] {standard_task_runner.py:90} INFO - Running: ['airflow', 'tasks', 'run', 'mp_ingest_coin_markets', 'dbt_run', 'manual__2026-02-28T02:51:30+00:00', '--job-id', '29', '--raw', '--subdir', 'DAGS_FOLDER/mp_ingest_dag.py', '--cfg-path', '/tmp/tmpy855z7f0']
[2026-02-28T05:51:33.619+0300] {logging_mixin.py:188} WARNING - /home/airflow/.local/lib/python3.12/site-packages/airflow/task/task_runner/standard_task_runner.py:62 DeprecationWarning: This process (pid=618) is multi-threaded, use of fork() may lead to deadlocks in the child.
[2026-02-28T05:51:33.623+0300] {standard_task_runner.py:91} INFO - Job 29: Subtask dbt_run
[2026-02-28T05:51:33.629+0300] {standard_task_runner.py:64} INFO - Started process 619 to run task
[2026-02-28T05:51:33.692+0300] {task_command.py:426} INFO - Running <TaskInstance: mp_ingest_coin_markets.dbt_run manual__2026-02-28T02:51:30+00:00 [running]> on host 4df7cef04ee4
[2026-02-28T05:51:33.751+0300] {taskinstance.py:2648} INFO - Exporting env vars: AIRFLOW_CTX_DAG_OWNER='marketpulse' AIRFLOW_CTX_DAG_ID='mp_ingest_coin_markets' AIRFLOW_CTX_TASK_ID='dbt_run' AIRFLOW_CTX_EXECUTION_DATE='2026-02-28T02:51:30+00:00' AIRFLOW_CTX_TRY_NUMBER='1' AIRFLOW_CTX_DAG_RUN_ID='manual__2026-02-28T02:51:30+00:00'
[2026-02-28T05:51:33.754+0300] {taskinstance.py:430} INFO - ::endgroup::
[2026-02-28T05:51:33.768+0300] {subprocess.py:63} INFO - Tmp dir root location: /tmp
[2026-02-28T05:51:33.770+0300] {subprocess.py:75} INFO - Running command: ['/usr/bin/bash', '-c', 'docker exec mp_dbt dbt run --target dev']
[2026-02-28T05:51:33.776+0300] {subprocess.py:86} INFO - Output:
[2026-02-28T05:51:34.890+0300] {subprocess.py:93} INFO - [0m02:51:34  Running with dbt=1.9.1
[2026-02-28T05:51:35.166+0300] {subprocess.py:93} INFO - [0m02:51:35  Registered adapter: postgres=1.9.1
[2026-02-28T05:51:40.023+0300] {subprocess.py:93} INFO - [0m02:51:40  Found 3 models, 12 data tests, 1 source, 550 macros
[2026-02-28T05:51:40.031+0300] {subprocess.py:93} INFO - [0m02:51:40
[2026-02-28T05:51:40.032+0300] {subprocess.py:93} INFO - [0m02:51:40  Concurrency: 4 threads (target='dev')
[2026-02-28T05:51:40.039+0300] {subprocess.py:93} INFO - [0m02:51:40
[2026-02-28T05:51:40.337+0300] {subprocess.py:93} INFO - [0m02:51:40  1 of 3 START sql view model analytics_staging_staging.stg_coin_markets ......... [RUN]
[2026-02-28T05:51:40.647+0300] {subprocess.py:93} INFO - [0m02:51:40  1 of 3 OK created sql view model analytics_staging_staging.stg_coin_markets .... [[32mCREATE VIEW[0m in 0.31s]
[2026-02-28T05:51:40.656+0300] {subprocess.py:93} INFO - [0m02:51:40  2 of 3 START sql view model analytics_staging_marts.dim_coin ................... [RUN]
[2026-02-28T05:51:40.659+0300] {subprocess.py:93} INFO - [0m02:51:40  3 of 3 START sql view model analytics_staging_marts.fact_coin_snapshot ......... [RUN]
[2026-02-28T05:51:40.979+0300] {subprocess.py:93} INFO - [0m02:51:40  2 of 3 OK created sql view model analytics_staging_marts.dim_coin .............. [[32mCREATE VIEW[0m in 0.30s]
[2026-02-28T05:51:41.021+0300] {subprocess.py:93} INFO - [0m02:51:41  3 of 3 OK created sql view model analytics_staging_marts.fact_coin_snapshot .... [[32mCREATE VIEW[0m in 0.34s]
[2026-02-28T05:51:41.107+0300] {subprocess.py:93} INFO - [0m02:51:41
[2026-02-28T05:51:41.109+0300] {subprocess.py:93} INFO - [0m02:51:41  Finished running 3 view models in 0 hours 0 minutes and 1.06 seconds (1.06s).
[2026-02-28T05:51:41.293+0300] {subprocess.py:93} INFO - [0m02:51:41
[2026-02-28T05:51:41.296+0300] {subprocess.py:93} INFO - [0m02:51:41  [32mCompleted successfully[0m
[2026-02-28T05:51:41.298+0300] {subprocess.py:93} INFO - [0m02:51:41
[2026-02-28T05:51:41.300+0300] {subprocess.py:93} INFO - [0m02:51:41  Done. PASS=3 WARN=0 ERROR=0 SKIP=0 TOTAL=3
[2026-02-28T05:51:42.231+0300] {subprocess.py:97} INFO - Command exited with return code 0
[2026-02-28T05:51:42.233+0300] {taskinstance.py:441} INFO - ::group::Post task execution logs
[2026-02-28T05:51:42.253+0300] {taskinstance.py:1206} INFO - Marking task as SUCCESS. dag_id=mp_ingest_coin_markets, task_id=dbt_run, run_id=manual__2026-02-28T02:51:30+00:00, execution_date=20260228T025130, start_date=20260228T025133, end_date=20260228T025142
[2026-02-28T05:51:42.276+0300] {local_task_job_runner.py:243} INFO - Task exited with return code 0
[2026-02-28T05:51:42.291+0300] {taskinstance.py:3503} INFO - 1 downstream tasks scheduled from follow-on schedule check
[2026-02-28T05:51:42.293+0300] {local_task_job_runner.py:222} INFO - ::endgroup::
