[2026-02-28T05:23:19.914+0300] {local_task_job_runner.py:120} INFO - ::group::Pre task execution logs
[2026-02-28T05:23:19.940+0300] {taskinstance.py:2076} INFO - Dependencies all met for dep_context=non-requeueable deps ti=<TaskInstance: mp_ingest_coin_markets.dbt_run manual__2026-02-28T02:22:16+00:00 [queued]>
[2026-02-28T05:23:19.947+0300] {taskinstance.py:2076} INFO - Dependencies all met for dep_context=requeueable deps ti=<TaskInstance: mp_ingest_coin_markets.dbt_run manual__2026-02-28T02:22:16+00:00 [queued]>
[2026-02-28T05:23:19.951+0300] {taskinstance.py:2306} INFO - Starting attempt 2 of 2
[2026-02-28T05:23:19.962+0300] {taskinstance.py:2330} INFO - Executing <Task(DockerOperator): dbt_run> on 2026-02-28 02:22:16+00:00
[2026-02-28T05:23:19.970+0300] {standard_task_runner.py:90} INFO - Running: ['airflow', 'tasks', 'run', 'mp_ingest_coin_markets', 'dbt_run', 'manual__2026-02-28T02:22:16+00:00', '--job-id', '16', '--raw', '--subdir', 'DAGS_FOLDER/mp_ingest_dag.py', '--cfg-path', '/tmp/tmpskmazjb_']
[2026-02-28T05:23:19.972+0300] {standard_task_runner.py:91} INFO - Job 16: Subtask dbt_run
[2026-02-28T05:23:19.972+0300] {logging_mixin.py:188} WARNING - /home/airflow/.local/lib/python3.12/site-packages/airflow/task/task_runner/standard_task_runner.py:62 DeprecationWarning: This process (pid=309) is multi-threaded, use of fork() may lead to deadlocks in the child.
[2026-02-28T05:23:19.974+0300] {standard_task_runner.py:64} INFO - Started process 310 to run task
[2026-02-28T05:23:20.016+0300] {task_command.py:426} INFO - Running <TaskInstance: mp_ingest_coin_markets.dbt_run manual__2026-02-28T02:22:16+00:00 [running]> on host 22ccea16ac8f
[2026-02-28T05:23:20.073+0300] {taskinstance.py:2648} INFO - Exporting env vars: AIRFLOW_CTX_DAG_OWNER='marketpulse' AIRFLOW_CTX_DAG_ID='mp_ingest_coin_markets' AIRFLOW_CTX_TASK_ID='dbt_run' AIRFLOW_CTX_EXECUTION_DATE='2026-02-28T02:22:16+00:00' AIRFLOW_CTX_TRY_NUMBER='2' AIRFLOW_CTX_DAG_RUN_ID='manual__2026-02-28T02:22:16+00:00'
[2026-02-28T05:23:20.074+0300] {taskinstance.py:430} INFO - ::endgroup::
[2026-02-28T05:23:20.086+0300] {docker.py:157} ERROR - Failed to establish connection to Docker host unix:///var/run/docker.sock: Error while fetching server API version: ('Connection aborted.', FileNotFoundError(2, 'No such file or directory'))
[2026-02-28T05:23:20.087+0300] {taskinstance.py:441} INFO - ::group::Post task execution logs
[2026-02-28T05:23:20.095+0300] {taskinstance.py:2905} ERROR - Task failed with exception
Traceback (most recent call last):
  File "/home/airflow/.local/lib/python3.12/site-packages/airflow/models/taskinstance.py", line 460, in _execute_task
    result = _execute_callable(context=context, **execute_callable_kwargs)
             ^^^^^^^^^^^^^^^^^^^^^^^^^^^^^^^^^^^^^^^^^^^^^^^^^^^^^^^^^^^^^
  File "/home/airflow/.local/lib/python3.12/site-packages/airflow/models/taskinstance.py", line 432, in _execute_callable
    return execute_callable(context=context, **execute_callable_kwargs)
           ^^^^^^^^^^^^^^^^^^^^^^^^^^^^^^^^^^^^^^^^^^^^^^^^^^^^^^^^^^^^
  File "/home/airflow/.local/lib/python3.12/site-packages/airflow/models/baseoperator.py", line 401, in wrapper
    return func(self, *args, **kwargs)
           ^^^^^^^^^^^^^^^^^^^^^^^^^^^
  File "/home/airflow/.local/lib/python3.12/site-packages/airflow/providers/docker/operators/docker.py", line 495, in execute
    if self.force_pull or not self.cli.images(name=self.image):
                              ^^^^^^^^
  File "/home/airflow/.local/lib/python3.12/site-packages/airflow/providers/docker/operators/docker.py", line 363, in cli
    return self.hook.api_client
           ^^^^^^^^^^^^^^^^^^^^
  File "/usr/local/lib/python3.12/functools.py", line 995, in __get__
    val = self.func(instance)
          ^^^^^^^^^^^^^^^^^^^
  File "/home/airflow/.local/lib/python3.12/site-packages/airflow/providers/docker/hooks/docker.py", line 161, in api_client
    raise AirflowException("Failed to establish connection to any given Docker hosts.")
airflow.exceptions.AirflowException: Failed to establish connection to any given Docker hosts.
[2026-02-28T05:23:20.098+0300] {taskinstance.py:1206} INFO - Marking task as FAILED. dag_id=mp_ingest_coin_markets, task_id=dbt_run, run_id=manual__2026-02-28T02:22:16+00:00, execution_date=20260228T022216, start_date=20260228T022319, end_date=20260228T022320
[2026-02-28T05:23:20.106+0300] {standard_task_runner.py:110} ERROR - Failed to execute job 16 for task dbt_run (Failed to establish connection to any given Docker hosts.; 310)
[2026-02-28T05:23:20.148+0300] {local_task_job_runner.py:243} INFO - Task exited with return code 1
[2026-02-28T05:23:20.163+0300] {taskinstance.py:3503} INFO - 0 downstream tasks scheduled from follow-on schedule check
[2026-02-28T05:23:20.168+0300] {local_task_job_runner.py:222} INFO - ::endgroup::
