[2026-02-28T17:05:40.170+0300] {local_task_job_runner.py:120} INFO - ::group::Pre task execution logs
[2026-02-28T17:05:40.193+0300] {taskinstance.py:2076} INFO - Dependencies all met for dep_context=non-requeueable deps ti=<TaskInstance: mp_ingest_coin_markets.dbt_run manual__2026-02-28T14:05:37+00:00 [queued]>
[2026-02-28T17:05:40.200+0300] {taskinstance.py:2076} INFO - Dependencies all met for dep_context=requeueable deps ti=<TaskInstance: mp_ingest_coin_markets.dbt_run manual__2026-02-28T14:05:37+00:00 [queued]>
[2026-02-28T17:05:40.205+0300] {taskinstance.py:2306} INFO - Starting attempt 1 of 2
[2026-02-28T17:05:40.215+0300] {taskinstance.py:2330} INFO - Executing <Task(BashOperator): dbt_run> on 2026-02-28 14:05:37+00:00
[2026-02-28T17:05:40.220+0300] {standard_task_runner.py:90} INFO - Running: ['airflow', 'tasks', 'run', 'mp_ingest_coin_markets', 'dbt_run', 'manual__2026-02-28T14:05:37+00:00', '--job-id', '37', '--raw', '--subdir', 'DAGS_FOLDER/mp_ingest_dag.py', '--cfg-path', '/tmp/tmp_nt_c5qx']
[2026-02-28T17:05:40.222+0300] {logging_mixin.py:188} WARNING - /home/airflow/.local/lib/python3.12/site-packages/airflow/task/task_runner/standard_task_runner.py:62 DeprecationWarning: This process (pid=465) is multi-threaded, use of fork() may lead to deadlocks in the child.
[2026-02-28T17:05:40.223+0300] {standard_task_runner.py:91} INFO - Job 37: Subtask dbt_run
[2026-02-28T17:05:40.224+0300] {standard_task_runner.py:64} INFO - Started process 466 to run task
[2026-02-28T17:05:40.278+0300] {task_command.py:426} INFO - Running <TaskInstance: mp_ingest_coin_markets.dbt_run manual__2026-02-28T14:05:37+00:00 [running]> on host 4df7cef04ee4
[2026-02-28T17:05:40.339+0300] {taskinstance.py:2648} INFO - Exporting env vars: AIRFLOW_CTX_DAG_OWNER='marketpulse' AIRFLOW_CTX_DAG_ID='mp_ingest_coin_markets' AIRFLOW_CTX_TASK_ID='dbt_run' AIRFLOW_CTX_EXECUTION_DATE='2026-02-28T14:05:37+00:00' AIRFLOW_CTX_TRY_NUMBER='1' AIRFLOW_CTX_DAG_RUN_ID='manual__2026-02-28T14:05:37+00:00'
[2026-02-28T17:05:40.340+0300] {taskinstance.py:430} INFO - ::endgroup::
[2026-02-28T17:05:40.348+0300] {subprocess.py:63} INFO - Tmp dir root location: /tmp
[2026-02-28T17:05:40.356+0300] {subprocess.py:75} INFO - Running command: ['/usr/bin/bash', '-c', 'docker exec mp_dbt dbt run --target dev']
[2026-02-28T17:05:40.367+0300] {subprocess.py:86} INFO - Output:
[2026-02-28T17:05:42.028+0300] {subprocess.py:93} INFO - [0m14:05:42  Running with dbt=1.9.1
[2026-02-28T17:05:42.256+0300] {subprocess.py:93} INFO - [0m14:05:42  Registered adapter: postgres=1.9.1
[2026-02-28T17:05:45.186+0300] {subprocess.py:93} INFO - [0m14:05:45  Found 3 models, 11 data tests, 1 source, 550 macros
[2026-02-28T17:05:45.188+0300] {subprocess.py:93} INFO - [0m14:05:45
[2026-02-28T17:05:45.189+0300] {subprocess.py:93} INFO - [0m14:05:45  Concurrency: 4 threads (target='dev')
[2026-02-28T17:05:45.190+0300] {subprocess.py:93} INFO - [0m14:05:45
[2026-02-28T17:05:45.434+0300] {subprocess.py:93} INFO - [0m14:05:45  1 of 3 START sql view model analytics_staging_staging.stg_coin_markets ......... [RUN]
[2026-02-28T17:05:45.601+0300] {subprocess.py:93} INFO - [0m14:05:45  1 of 3 OK created sql view model analytics_staging_staging.stg_coin_markets .... [[32mCREATE VIEW[0m in 0.16s]
[2026-02-28T17:05:45.607+0300] {subprocess.py:93} INFO - [0m14:05:45  2 of 3 START sql view model analytics_staging_marts.dim_coin ................... [RUN]
[2026-02-28T17:05:45.609+0300] {subprocess.py:93} INFO - [0m14:05:45  3 of 3 START sql view model analytics_staging_marts.fact_coin_snapshot ......... [RUN]
[2026-02-28T17:05:45.785+0300] {subprocess.py:93} INFO - [0m14:05:45  2 of 3 OK created sql view model analytics_staging_marts.dim_coin .............. [[32mCREATE VIEW[0m in 0.16s]
[2026-02-28T17:05:45.787+0300] {subprocess.py:93} INFO - [0m14:05:45  3 of 3 OK created sql view model analytics_staging_marts.fact_coin_snapshot .... [[32mCREATE VIEW[0m in 0.17s]
[2026-02-28T17:05:45.830+0300] {subprocess.py:93} INFO - [0m14:05:45
[2026-02-28T17:05:45.831+0300] {subprocess.py:93} INFO - [0m14:05:45  Finished running 3 view models in 0 hours 0 minutes and 0.64 seconds (0.64s).
[2026-02-28T17:05:45.918+0300] {subprocess.py:93} INFO - [0m14:05:45
[2026-02-28T17:05:45.921+0300] {subprocess.py:93} INFO - [0m14:05:45  [32mCompleted successfully[0m
[2026-02-28T17:05:45.922+0300] {subprocess.py:93} INFO - [0m14:05:45
[2026-02-28T17:05:45.924+0300] {subprocess.py:93} INFO - [0m14:05:45  Done. PASS=3 WARN=0 ERROR=0 SKIP=0 TOTAL=3
[2026-02-28T17:05:47.124+0300] {subprocess.py:97} INFO - Command exited with return code 0
[2026-02-28T17:05:47.125+0300] {taskinstance.py:441} INFO - ::group::Post task execution logs
[2026-02-28T17:05:47.144+0300] {taskinstance.py:1206} INFO - Marking task as SUCCESS. dag_id=mp_ingest_coin_markets, task_id=dbt_run, run_id=manual__2026-02-28T14:05:37+00:00, execution_date=20260228T140537, start_date=20260228T140540, end_date=20260228T140547
[2026-02-28T17:05:47.169+0300] {local_task_job_runner.py:243} INFO - Task exited with return code 0
[2026-02-28T17:05:47.183+0300] {taskinstance.py:3503} INFO - 1 downstream tasks scheduled from follow-on schedule check
[2026-02-28T17:05:47.185+0300] {local_task_job_runner.py:222} INFO - ::endgroup::
