[2026-02-28T05:56:07.330+0300] {local_task_job_runner.py:120} INFO - ::group::Pre task execution logs
[2026-02-28T05:56:07.358+0300] {taskinstance.py:2076} INFO - Dependencies all met for dep_context=non-requeueable deps ti=<TaskInstance: mp_ingest_coin_markets.dbt_run manual__2026-02-28T02:54:52+00:00 [queued]>
[2026-02-28T05:56:07.363+0300] {taskinstance.py:2076} INFO - Dependencies all met for dep_context=requeueable deps ti=<TaskInstance: mp_ingest_coin_markets.dbt_run manual__2026-02-28T02:54:52+00:00 [queued]>
[2026-02-28T05:56:07.364+0300] {taskinstance.py:2306} INFO - Starting attempt 2 of 2
[2026-02-28T05:56:07.372+0300] {taskinstance.py:2330} INFO - Executing <Task(BashOperator): dbt_run> on 2026-02-28 02:54:52+00:00
[2026-02-28T05:56:07.377+0300] {standard_task_runner.py:90} INFO - Running: ['airflow', 'tasks', 'run', 'mp_ingest_coin_markets', 'dbt_run', 'manual__2026-02-28T02:54:52+00:00', '--job-id', '34', '--raw', '--subdir', 'DAGS_FOLDER/mp_ingest_dag.py', '--cfg-path', '/tmp/tmpxkc2jxed']
[2026-02-28T05:56:07.378+0300] {logging_mixin.py:188} WARNING - /home/airflow/.local/lib/python3.12/site-packages/airflow/task/task_runner/standard_task_runner.py:62 DeprecationWarning: This process (pid=771) is multi-threaded, use of fork() may lead to deadlocks in the child.
[2026-02-28T05:56:07.379+0300] {standard_task_runner.py:91} INFO - Job 34: Subtask dbt_run
[2026-02-28T05:56:07.379+0300] {standard_task_runner.py:64} INFO - Started process 772 to run task
[2026-02-28T05:56:07.421+0300] {task_command.py:426} INFO - Running <TaskInstance: mp_ingest_coin_markets.dbt_run manual__2026-02-28T02:54:52+00:00 [running]> on host 4df7cef04ee4
[2026-02-28T05:56:07.475+0300] {taskinstance.py:2648} INFO - Exporting env vars: AIRFLOW_CTX_DAG_OWNER='marketpulse' AIRFLOW_CTX_DAG_ID='mp_ingest_coin_markets' AIRFLOW_CTX_TASK_ID='dbt_run' AIRFLOW_CTX_EXECUTION_DATE='2026-02-28T02:54:52+00:00' AIRFLOW_CTX_TRY_NUMBER='2' AIRFLOW_CTX_DAG_RUN_ID='manual__2026-02-28T02:54:52+00:00'
[2026-02-28T05:56:07.476+0300] {taskinstance.py:430} INFO - ::endgroup::
[2026-02-28T05:56:07.486+0300] {subprocess.py:63} INFO - Tmp dir root location: /tmp
[2026-02-28T05:56:07.487+0300] {subprocess.py:75} INFO - Running command: ['/usr/bin/bash', '-c', 'docker exec mp_dbt dbt run --target dev']
[2026-02-28T05:56:07.493+0300] {subprocess.py:86} INFO - Output:
[2026-02-28T05:56:08.966+0300] {subprocess.py:93} INFO - [0m02:56:08  Running with dbt=1.9.1
[2026-02-28T05:56:09.137+0300] {subprocess.py:93} INFO - [0m02:56:09  Registered adapter: postgres=1.9.1
[2026-02-28T05:56:11.148+0300] {subprocess.py:93} INFO - [0m02:56:11  Found 3 models, 11 data tests, 1 source, 550 macros
[2026-02-28T05:56:11.151+0300] {subprocess.py:93} INFO - [0m02:56:11
[2026-02-28T05:56:11.152+0300] {subprocess.py:93} INFO - [0m02:56:11  Concurrency: 4 threads (target='dev')
[2026-02-28T05:56:11.154+0300] {subprocess.py:93} INFO - [0m02:56:11
[2026-02-28T05:56:11.298+0300] {subprocess.py:93} INFO - [0m02:56:11  1 of 3 START sql view model analytics_staging_staging.stg_coin_markets ......... [RUN]
[2026-02-28T05:56:11.427+0300] {subprocess.py:93} INFO - [0m02:56:11  1 of 3 OK created sql view model analytics_staging_staging.stg_coin_markets .... [[32mCREATE VIEW[0m in 0.13s]
[2026-02-28T05:56:11.430+0300] {subprocess.py:93} INFO - [0m02:56:11  2 of 3 START sql view model analytics_staging_marts.dim_coin ................... [RUN]
[2026-02-28T05:56:11.431+0300] {subprocess.py:93} INFO - [0m02:56:11  3 of 3 START sql view model analytics_staging_marts.fact_coin_snapshot ......... [RUN]
[2026-02-28T05:56:11.518+0300] {subprocess.py:93} INFO - [0m02:56:11  3 of 3 ERROR creating sql view model analytics_staging_marts.fact_coin_snapshot  [[31mERROR[0m in 0.08s]
[2026-02-28T05:56:11.526+0300] {subprocess.py:93} INFO - [0m02:56:11  2 of 3 OK created sql view model analytics_staging_marts.dim_coin .............. [[32mCREATE VIEW[0m in 0.09s]
[2026-02-28T05:56:11.543+0300] {subprocess.py:93} INFO - [0m02:56:11
[2026-02-28T05:56:11.544+0300] {subprocess.py:93} INFO - [0m02:56:11  Finished running 3 view models in 0 hours 0 minutes and 0.39 seconds (0.39s).
[2026-02-28T05:56:11.587+0300] {subprocess.py:93} INFO - [0m02:56:11
[2026-02-28T05:56:11.588+0300] {subprocess.py:93} INFO - [0m02:56:11  [31mCompleted with 1 error, 0 partial successes, and 0 warnings:[0m
[2026-02-28T05:56:11.589+0300] {subprocess.py:93} INFO - [0m02:56:11
[2026-02-28T05:56:11.590+0300] {subprocess.py:93} INFO - [0m02:56:11    Database Error in model fact_coin_snapshot (models/marts/fact_coin_snapshot.sql)
[2026-02-28T05:56:11.590+0300] {subprocess.py:93} INFO -   column "price_change_percentage_24h" does not exist
[2026-02-28T05:56:11.591+0300] {subprocess.py:93} INFO -   LINE 12:         price_change_percentage_24h,
[2026-02-28T05:56:11.592+0300] {subprocess.py:93} INFO -                    ^
[2026-02-28T05:56:11.592+0300] {subprocess.py:93} INFO -   compiled code at target/run/marketpulse/models/marts/fact_coin_snapshot.sql
[2026-02-28T05:56:11.593+0300] {subprocess.py:93} INFO - [0m02:56:11
[2026-02-28T05:56:11.594+0300] {subprocess.py:93} INFO - [0m02:56:11  Done. PASS=2 WARN=0 ERROR=1 SKIP=0 TOTAL=3
[2026-02-28T05:56:12.635+0300] {subprocess.py:97} INFO - Command exited with return code 1
[2026-02-28T05:56:12.636+0300] {taskinstance.py:441} INFO - ::group::Post task execution logs
[2026-02-28T05:56:12.644+0300] {taskinstance.py:2905} ERROR - Task failed with exception
Traceback (most recent call last):
  File "/home/airflow/.local/lib/python3.12/site-packages/airflow/models/taskinstance.py", line 465, in _execute_task
    result = _execute_callable(context=context, **execute_callable_kwargs)
             ^^^^^^^^^^^^^^^^^^^^^^^^^^^^^^^^^^^^^^^^^^^^^^^^^^^^^^^^^^^^^
  File "/home/airflow/.local/lib/python3.12/site-packages/airflow/models/taskinstance.py", line 432, in _execute_callable
    return execute_callable(context=context, **execute_callable_kwargs)
           ^^^^^^^^^^^^^^^^^^^^^^^^^^^^^^^^^^^^^^^^^^^^^^^^^^^^^^^^^^^^
  File "/home/airflow/.local/lib/python3.12/site-packages/airflow/models/baseoperator.py", line 401, in wrapper
    return func(self, *args, **kwargs)
           ^^^^^^^^^^^^^^^^^^^^^^^^^^^
  File "/home/airflow/.local/lib/python3.12/site-packages/airflow/operators/bash.py", line 243, in execute
    raise AirflowException(
airflow.exceptions.AirflowException: Bash command failed. The command returned a non-zero exit code 1.
[2026-02-28T05:56:12.649+0300] {taskinstance.py:1206} INFO - Marking task as FAILED. dag_id=mp_ingest_coin_markets, task_id=dbt_run, run_id=manual__2026-02-28T02:54:52+00:00, execution_date=20260228T025452, start_date=20260228T025607, end_date=20260228T025612
[2026-02-28T05:56:12.658+0300] {standard_task_runner.py:110} ERROR - Failed to execute job 34 for task dbt_run (Bash command failed. The command returned a non-zero exit code 1.; 772)
[2026-02-28T05:56:12.684+0300] {local_task_job_runner.py:243} INFO - Task exited with return code 1
[2026-02-28T05:56:12.699+0300] {taskinstance.py:3503} INFO - 0 downstream tasks scheduled from follow-on schedule check
[2026-02-28T05:56:12.702+0300] {local_task_job_runner.py:222} INFO - ::endgroup::
