[2026-02-28T05:54:55.770+0300] {local_task_job_runner.py:120} INFO - ::group::Pre task execution logs
[2026-02-28T05:54:55.794+0300] {taskinstance.py:2076} INFO - Dependencies all met for dep_context=non-requeueable deps ti=<TaskInstance: mp_ingest_coin_markets.dbt_run manual__2026-02-28T02:54:52+00:00 [queued]>
[2026-02-28T05:54:55.800+0300] {taskinstance.py:2076} INFO - Dependencies all met for dep_context=requeueable deps ti=<TaskInstance: mp_ingest_coin_markets.dbt_run manual__2026-02-28T02:54:52+00:00 [queued]>
[2026-02-28T05:54:55.801+0300] {taskinstance.py:2306} INFO - Starting attempt 1 of 2
[2026-02-28T05:54:55.809+0300] {taskinstance.py:2330} INFO - Executing <Task(BashOperator): dbt_run> on 2026-02-28 02:54:52+00:00
[2026-02-28T05:54:55.814+0300] {standard_task_runner.py:90} INFO - Running: ['airflow', 'tasks', 'run', 'mp_ingest_coin_markets', 'dbt_run', 'manual__2026-02-28T02:54:52+00:00', '--job-id', '33', '--raw', '--subdir', 'DAGS_FOLDER/mp_ingest_dag.py', '--cfg-path', '/tmp/tmpd0somzwq']
[2026-02-28T05:54:55.816+0300] {logging_mixin.py:188} WARNING - /home/airflow/.local/lib/python3.12/site-packages/airflow/task/task_runner/standard_task_runner.py:62 DeprecationWarning: This process (pid=723) is multi-threaded, use of fork() may lead to deadlocks in the child.
[2026-02-28T05:54:55.816+0300] {standard_task_runner.py:91} INFO - Job 33: Subtask dbt_run
[2026-02-28T05:54:55.816+0300] {standard_task_runner.py:64} INFO - Started process 724 to run task
[2026-02-28T05:54:55.861+0300] {task_command.py:426} INFO - Running <TaskInstance: mp_ingest_coin_markets.dbt_run manual__2026-02-28T02:54:52+00:00 [running]> on host 4df7cef04ee4
[2026-02-28T05:54:55.917+0300] {taskinstance.py:2648} INFO - Exporting env vars: AIRFLOW_CTX_DAG_OWNER='marketpulse' AIRFLOW_CTX_DAG_ID='mp_ingest_coin_markets' AIRFLOW_CTX_TASK_ID='dbt_run' AIRFLOW_CTX_EXECUTION_DATE='2026-02-28T02:54:52+00:00' AIRFLOW_CTX_TRY_NUMBER='1' AIRFLOW_CTX_DAG_RUN_ID='manual__2026-02-28T02:54:52+00:00'
[2026-02-28T05:54:55.919+0300] {taskinstance.py:430} INFO - ::endgroup::
[2026-02-28T05:54:55.930+0300] {subprocess.py:63} INFO - Tmp dir root location: /tmp
[2026-02-28T05:54:55.933+0300] {subprocess.py:75} INFO - Running command: ['/usr/bin/bash', '-c', 'docker exec mp_dbt dbt run --target dev']
[2026-02-28T05:54:55.942+0300] {subprocess.py:86} INFO - Output:
[2026-02-28T05:54:56.951+0300] {subprocess.py:93} INFO - [0m02:54:56  Running with dbt=1.9.1
[2026-02-28T05:54:57.147+0300] {subprocess.py:93} INFO - [0m02:54:57  Registered adapter: postgres=1.9.1
[2026-02-28T05:55:04.795+0300] {subprocess.py:93} INFO - [0m02:55:04  Found 3 models, 11 data tests, 1 source, 550 macros
[2026-02-28T05:55:04.808+0300] {subprocess.py:93} INFO - [0m02:55:04
[2026-02-28T05:55:04.818+0300] {subprocess.py:93} INFO - [0m02:55:04  Concurrency: 4 threads (target='dev')
[2026-02-28T05:55:04.821+0300] {subprocess.py:93} INFO - [0m02:55:04
[2026-02-28T05:55:05.030+0300] {subprocess.py:93} INFO - [0m02:55:05  1 of 3 START sql view model analytics_staging_staging.stg_coin_markets ......... [RUN]
[2026-02-28T05:55:05.259+0300] {subprocess.py:93} INFO - [0m02:55:05  1 of 3 OK created sql view model analytics_staging_staging.stg_coin_markets .... [[32mCREATE VIEW[0m in 0.22s]
[2026-02-28T05:55:05.266+0300] {subprocess.py:93} INFO - [0m02:55:05  2 of 3 START sql view model analytics_staging_marts.dim_coin ................... [RUN]
[2026-02-28T05:55:05.267+0300] {subprocess.py:93} INFO - [0m02:55:05  3 of 3 START sql view model analytics_staging_marts.fact_coin_snapshot ......... [RUN]
[2026-02-28T05:55:05.358+0300] {subprocess.py:93} INFO - [0m02:55:05  3 of 3 ERROR creating sql view model analytics_staging_marts.fact_coin_snapshot  [[31mERROR[0m in 0.07s]
[2026-02-28T05:55:05.422+0300] {subprocess.py:93} INFO - [0m02:55:05  2 of 3 OK created sql view model analytics_staging_marts.dim_coin .............. [[32mCREATE VIEW[0m in 0.15s]
[2026-02-28T05:55:05.503+0300] {subprocess.py:93} INFO - [0m02:55:05
[2026-02-28T05:55:05.506+0300] {subprocess.py:93} INFO - [0m02:55:05  Finished running 3 view models in 0 hours 0 minutes and 0.68 seconds (0.68s).
[2026-02-28T05:55:05.785+0300] {subprocess.py:93} INFO - [0m02:55:05
[2026-02-28T05:55:05.789+0300] {subprocess.py:93} INFO - [0m02:55:05  [31mCompleted with 1 error, 0 partial successes, and 0 warnings:[0m
[2026-02-28T05:55:05.793+0300] {subprocess.py:93} INFO - [0m02:55:05
[2026-02-28T05:55:05.795+0300] {subprocess.py:93} INFO - [0m02:55:05    Database Error in model fact_coin_snapshot (models/marts/fact_coin_snapshot.sql)
[2026-02-28T05:55:05.799+0300] {subprocess.py:93} INFO -   column "price_change_percentage_24h" does not exist
[2026-02-28T05:55:05.801+0300] {subprocess.py:93} INFO -   LINE 12:         price_change_percentage_24h,
[2026-02-28T05:55:05.802+0300] {subprocess.py:93} INFO -                    ^
[2026-02-28T05:55:05.804+0300] {subprocess.py:93} INFO -   compiled code at target/run/marketpulse/models/marts/fact_coin_snapshot.sql
[2026-02-28T05:55:05.805+0300] {subprocess.py:93} INFO - [0m02:55:05
[2026-02-28T05:55:05.806+0300] {subprocess.py:93} INFO - [0m02:55:05  Done. PASS=2 WARN=0 ERROR=1 SKIP=0 TOTAL=3
[2026-02-28T05:55:06.928+0300] {subprocess.py:97} INFO - Command exited with return code 1
[2026-02-28T05:55:06.930+0300] {taskinstance.py:441} INFO - ::group::Post task execution logs
[2026-02-28T05:55:06.942+0300] {taskinstance.py:2905} ERROR - Task failed with exception
Traceback (most recent call last):
  File "/home/airflow/.local/lib/python3.12/site-packages/airflow/models/taskinstance.py", line 465, in _execute_task
    result = _execute_callable(context=context, **execute_callable_kwargs)
             ^^^^^^^^^^^^^^^^^^^^^^^^^^^^^^^^^^^^^^^^^^^^^^^^^^^^^^^^^^^^^
  File "/home/airflow/.local/lib/python3.12/site-packages/airflow/models/taskinstance.py", line 432, in _execute_callable
    return execute_callable(context=context, **execute_callable_kwargs)
           ^^^^^^^^^^^^^^^^^^^^^^^^^^^^^^^^^^^^^^^^^^^^^^^^^^^^^^^^^^^^
  File "/home/airflow/.local/lib/python3.12/site-packages/airflow/models/baseoperator.py", line 401, in wrapper
    return func(self, *args, **kwargs)
           ^^^^^^^^^^^^^^^^^^^^^^^^^^^
  File "/home/airflow/.local/lib/python3.12/site-packages/airflow/operators/bash.py", line 243, in execute
    raise AirflowException(
airflow.exceptions.AirflowException: Bash command failed. The command returned a non-zero exit code 1.
[2026-02-28T05:55:06.945+0300] {taskinstance.py:1206} INFO - Marking task as UP_FOR_RETRY. dag_id=mp_ingest_coin_markets, task_id=dbt_run, run_id=manual__2026-02-28T02:54:52+00:00, execution_date=20260228T025452, start_date=20260228T025455, end_date=20260228T025506
[2026-02-28T05:55:06.955+0300] {standard_task_runner.py:110} ERROR - Failed to execute job 33 for task dbt_run (Bash command failed. The command returned a non-zero exit code 1.; 724)
[2026-02-28T05:55:06.983+0300] {local_task_job_runner.py:243} INFO - Task exited with return code 1
[2026-02-28T05:55:06.999+0300] {taskinstance.py:3503} INFO - 0 downstream tasks scheduled from follow-on schedule check
[2026-02-28T05:55:07.003+0300] {local_task_job_runner.py:222} INFO - ::endgroup::
