[2026-02-28T17:20:08.438+0300] {local_task_job_runner.py:120} INFO - ::group::Pre task execution logs
[2026-02-28T17:20:08.464+0300] {taskinstance.py:2076} INFO - Dependencies all met for dep_context=non-requeueable deps ti=<TaskInstance: mp_ingest_coin_markets.dbt_run manual__2026-02-28T14:20:06+00:00 [queued]>
[2026-02-28T17:20:08.470+0300] {taskinstance.py:2076} INFO - Dependencies all met for dep_context=requeueable deps ti=<TaskInstance: mp_ingest_coin_markets.dbt_run manual__2026-02-28T14:20:06+00:00 [queued]>
[2026-02-28T17:20:08.473+0300] {taskinstance.py:2306} INFO - Starting attempt 1 of 2
[2026-02-28T17:20:08.485+0300] {taskinstance.py:2330} INFO - Executing <Task(BashOperator): dbt_run> on 2026-02-28 14:20:06+00:00
[2026-02-28T17:20:08.490+0300] {standard_task_runner.py:90} INFO - Running: ['airflow', 'tasks', 'run', 'mp_ingest_coin_markets', 'dbt_run', 'manual__2026-02-28T14:20:06+00:00', '--job-id', '40', '--raw', '--subdir', 'DAGS_FOLDER/mp_ingest_dag.py', '--cfg-path', '/tmp/tmpilh47uqq']
[2026-02-28T17:20:08.493+0300] {logging_mixin.py:188} WARNING - /home/airflow/.local/lib/python3.12/site-packages/airflow/task/task_runner/standard_task_runner.py:62 DeprecationWarning: This process (pid=789) is multi-threaded, use of fork() may lead to deadlocks in the child.
[2026-02-28T17:20:08.494+0300] {standard_task_runner.py:91} INFO - Job 40: Subtask dbt_run
[2026-02-28T17:20:08.497+0300] {standard_task_runner.py:64} INFO - Started process 790 to run task
[2026-02-28T17:20:08.539+0300] {task_command.py:426} INFO - Running <TaskInstance: mp_ingest_coin_markets.dbt_run manual__2026-02-28T14:20:06+00:00 [running]> on host 4df7cef04ee4
[2026-02-28T17:20:08.598+0300] {taskinstance.py:2648} INFO - Exporting env vars: AIRFLOW_CTX_DAG_OWNER='marketpulse' AIRFLOW_CTX_DAG_ID='mp_ingest_coin_markets' AIRFLOW_CTX_TASK_ID='dbt_run' AIRFLOW_CTX_EXECUTION_DATE='2026-02-28T14:20:06+00:00' AIRFLOW_CTX_TRY_NUMBER='1' AIRFLOW_CTX_DAG_RUN_ID='manual__2026-02-28T14:20:06+00:00'
[2026-02-28T17:20:08.600+0300] {taskinstance.py:430} INFO - ::endgroup::
[2026-02-28T17:20:08.607+0300] {subprocess.py:63} INFO - Tmp dir root location: /tmp
[2026-02-28T17:20:08.610+0300] {subprocess.py:75} INFO - Running command: ['/usr/bin/bash', '-c', 'docker exec mp_dbt dbt run --target dev']
[2026-02-28T17:20:08.617+0300] {subprocess.py:86} INFO - Output:
[2026-02-28T17:20:10.269+0300] {subprocess.py:93} INFO - [0m14:20:10  Running with dbt=1.9.1
[2026-02-28T17:20:10.477+0300] {subprocess.py:93} INFO - [0m14:20:10  Registered adapter: postgres=1.9.1
[2026-02-28T17:20:13.225+0300] {subprocess.py:93} INFO - [0m14:20:13  Found 3 models, 11 data tests, 1 source, 550 macros
[2026-02-28T17:20:13.229+0300] {subprocess.py:93} INFO - [0m14:20:13
[2026-02-28T17:20:13.230+0300] {subprocess.py:93} INFO - [0m14:20:13  Concurrency: 4 threads (target='dev')
[2026-02-28T17:20:13.231+0300] {subprocess.py:93} INFO - [0m14:20:13
[2026-02-28T17:20:13.409+0300] {subprocess.py:93} INFO - [0m14:20:13  1 of 3 START sql view model analytics_staging_staging.stg_coin_markets ......... [RUN]
[2026-02-28T17:20:13.588+0300] {subprocess.py:93} INFO - [0m14:20:13  1 of 3 OK created sql view model analytics_staging_staging.stg_coin_markets .... [[32mCREATE VIEW[0m in 0.18s]
[2026-02-28T17:20:13.595+0300] {subprocess.py:93} INFO - [0m14:20:13  2 of 3 START sql view model analytics_staging_marts.dim_coin ................... [RUN]
[2026-02-28T17:20:13.597+0300] {subprocess.py:93} INFO - [0m14:20:13  3 of 3 START sql view model analytics_staging_marts.fact_coin_snapshot ......... [RUN]
[2026-02-28T17:20:13.786+0300] {subprocess.py:93} INFO - [0m14:20:13  2 of 3 OK created sql view model analytics_staging_marts.dim_coin .............. [[32mCREATE VIEW[0m in 0.18s]
[2026-02-28T17:20:13.787+0300] {subprocess.py:93} INFO - [0m14:20:13  3 of 3 OK created sql view model analytics_staging_marts.fact_coin_snapshot .... [[32mCREATE VIEW[0m in 0.18s]
[2026-02-28T17:20:13.831+0300] {subprocess.py:93} INFO - [0m14:20:13
[2026-02-28T17:20:13.834+0300] {subprocess.py:93} INFO - [0m14:20:13  Finished running 3 view models in 0 hours 0 minutes and 0.60 seconds (0.60s).
[2026-02-28T17:20:13.944+0300] {subprocess.py:93} INFO - [0m14:20:13
[2026-02-28T17:20:13.947+0300] {subprocess.py:93} INFO - [0m14:20:13  [32mCompleted successfully[0m
[2026-02-28T17:20:13.948+0300] {subprocess.py:93} INFO - [0m14:20:13
[2026-02-28T17:20:13.949+0300] {subprocess.py:93} INFO - [0m14:20:13  Done. PASS=3 WARN=0 ERROR=0 SKIP=0 TOTAL=3
[2026-02-28T17:20:15.256+0300] {subprocess.py:97} INFO - Command exited with return code 0
[2026-02-28T17:20:15.257+0300] {taskinstance.py:441} INFO - ::group::Post task execution logs
[2026-02-28T17:20:15.273+0300] {taskinstance.py:1206} INFO - Marking task as SUCCESS. dag_id=mp_ingest_coin_markets, task_id=dbt_run, run_id=manual__2026-02-28T14:20:06+00:00, execution_date=20260228T142006, start_date=20260228T142008, end_date=20260228T142015
[2026-02-28T17:20:15.318+0300] {local_task_job_runner.py:243} INFO - Task exited with return code 0
[2026-02-28T17:20:15.335+0300] {taskinstance.py:3503} INFO - 1 downstream tasks scheduled from follow-on schedule check
[2026-02-28T17:20:15.338+0300] {local_task_job_runner.py:222} INFO - ::endgroup::
